---------------------------------------------------------------
[ 2018-10-30T19:44:11+08:00 ] 0.0.0.0 GET /vlusi_fastadmin/public/
[ info ] localhost:8080/vlusi_fastadmin/public/ [运行时间：1.268639s][吞吐率：0.79req/s] [内存消耗：2,144.63kb] [文件加载：63]
[ info ] [ BEHAVIOR ] Run Closure @app_init [ RunTime:0.025979s ]
[ info ] [ CACHE ] INIT File
[ info ] [ BEHAVIOR ] Run Closure @app_init [ RunTime:0.037658s ]
[ info ] [ LANG ] D:\phpStudy\WWW\vlusi_fastadmin\thinkphp\lang\zh-cn.php
[ info ] [ ROUTE ] array (
  'type' => 'module',
  'module' => 
  array (
    0 => '',
    1 => NULL,
    2 => NULL,
  ),
)
[ info ] [ HEADER ] array (
  'cookie' => 'keeplogin=1%7C86400%7C1540709555%7Cfc1e9212dfeb60b7046910f3ce5f4e07; Hm_lvt_f8d0a8c400404989e195270b0bbf060a=1540615640,1540621803,1540705455,1540713385',
  'accept-language' => 'zh-CN,zh;q=0.9',
  'accept-encoding' => 'gzip, deflate, br',
  'referer' => 'http://localhost:8080/vlusi_fastadmin/',
  'accept' => 'text/html,application/xhtml+xml,application/xml;q=0.9,image/webp,image/apng,*/*;q=0.8',
  'user-agent' => 'Mozilla/5.0 (Windows NT 10.0; WOW64) AppleWebKit/537.36 (KHTML, like Gecko) Chrome/65.0.3325.181 Safari/537.36',
  'upgrade-insecure-requests' => '1',
  'connection' => 'close',
  'host' => 'localhost:8080',
)
[ info ] [ PARAM ] array (
)
[ info ] [ LANG ] D:\phpStudy\WWW\vlusi_fastadmin\public/../application/index\lang\zh-cn.php
[ info ] [ BEHAVIOR ] Run app\common\behavior\Common @module_init [ RunTime:0.039010s ]
[ info ] [ LANG ] D:\phpStudy\WWW\vlusi_fastadmin\public/../application/index/lang/zh-cn/index.php
[ info ] [ RUN ] app\index\controller\Index->index[ D:\phpStudy\WWW\vlusi_fastadmin\application\index\controller\Index.php ]
[ info ] [ VIEW ] D:\phpStudy\WWW\vlusi_fastadmin\public/../application/index\view\index\index.html [ array (
  0 => 'user',
  1 => 'site',
  2 => 'config',
) ]
[ info ] [ LOG ] INIT File
---------------------------------------------------------------
[ 2018-10-30T19:44:13+08:00 ] 0.0.0.0 GET /vlusi_fastadmin/public/admin/index/login.html
[ info ] localhost:8080/vlusi_fastadmin/public/admin/index/login.html [运行时间：0.298541s][吞吐率：3.35req/s] [内存消耗：2,338.09kb] [文件加载：69]
[ info ] [ BEHAVIOR ] Run Closure @app_init [ RunTime:0.000025s ]
[ info ] [ CACHE ] INIT File
[ info ] [ BEHAVIOR ] Run Closure @app_init [ RunTime:0.001988s ]
[ info ] [ LANG ] D:\phpStudy\WWW\vlusi_fastadmin\thinkphp\lang\zh-cn.php
[ info ] [ ROUTE ] array (
  'type' => 'module',
  'module' => 
  array (
    0 => 'admin',
    1 => 'index',
    2 => 'login',
  ),
)
[ info ] [ HEADER ] array (
  'cookie' => 'keeplogin=1%7C86400%7C1540709555%7Cfc1e9212dfeb60b7046910f3ce5f4e07; Hm_lvt_f8d0a8c400404989e195270b0bbf060a=1540621803,1540705455,1540713385,1540899853; Hm_lpvt_f8d0a8c400404989e195270b0bbf060a=1540899853',
  'accept-language' => 'zh-CN,zh;q=0.9',
  'accept-encoding' => 'gzip, deflate, br',
  'referer' => 'http://localhost:8080/vlusi_fastadmin/public/',
  'accept' => 'text/html,application/xhtml+xml,application/xml;q=0.9,image/webp,image/apng,*/*;q=0.8',
  'user-agent' => 'Mozilla/5.0 (Windows NT 10.0; WOW64) AppleWebKit/537.36 (KHTML, like Gecko) Chrome/65.0.3325.181 Safari/537.36',
  'upgrade-insecure-requests' => '1',
  'connection' => 'close',
  'host' => 'localhost:8080',
)
[ info ] [ PARAM ] array (
)
[ info ] [ LANG ] D:\phpStudy\WWW\vlusi_fastadmin\public/../application/admin\lang\zh-cn.php
[ info ] [ BEHAVIOR ] Run app\common\behavior\Common @module_init [ RunTime:0.003011s ]
[ info ] [ SESSION ] INIT array (
  'id' => '',
  'var_session_id' => '',
  'prefix' => 'think',
  'type' => '',
  'auto_start' => true,
)
[ info ] [ LANG ] D:\phpStudy\WWW\vlusi_fastadmin\public/../application/admin/lang/zh-cn/index.php
[ info ] [ RUN ] app\admin\controller\Index->login[ D:\phpStudy\WWW\vlusi_fastadmin\application\admin\controller\Index.php ]
[ info ] [ VIEW ] D:\phpStudy\WWW\vlusi_fastadmin\public/../application/admin\view\index\login.html [ array (
  0 => 'breadcrumb',
  1 => 'site',
  2 => 'config',
  3 => 'auth',
  4 => 'admin',
  5 => 'background',
  6 => 'title',
) ]
[ info ] [ BEHAVIOR ] Run app\admin\behavior\AdminLog @app_end [ RunTime:0.000868s ]
[ info ] [ LOG ] INIT File
---------------------------------------------------------------
[ 2018-10-30T19:44:15+08:00 ] 0.0.0.0 GET /vlusi_fastadmin/public/admin/ajax/lang?callback=define&controllername=index&v=1540899853
[ info ] localhost:8080/vlusi_fastadmin/public/admin/ajax/lang?callback=define&controllername=index&v=1540899853 [运行时间：0.085042s][吞吐率：11.76req/s] [内存消耗：2,340.34kb] [文件加载：69]
[ info ] [ BEHAVIOR ] Run Closure @app_init [ RunTime:0.000023s ]
[ info ] [ CACHE ] INIT File
[ info ] [ BEHAVIOR ] Run Closure @app_init [ RunTime:0.001174s ]
[ info ] [ LANG ] D:\phpStudy\WWW\vlusi_fastadmin\thinkphp\lang\zh-cn.php
[ info ] [ ROUTE ] array (
  'type' => 'module',
  'module' => 
  array (
    0 => 'admin',
    1 => 'ajax',
    2 => 'lang',
  ),
)
[ info ] [ HEADER ] array (
  'cookie' => 'keeplogin=1%7C86400%7C1540709555%7Cfc1e9212dfeb60b7046910f3ce5f4e07; Hm_lvt_f8d0a8c400404989e195270b0bbf060a=1540621803,1540705455,1540713385,1540899853; Hm_lpvt_f8d0a8c400404989e195270b0bbf060a=1540899853; PHPSESSID=srr4bfhpht4m6e2cjj4r1mv5o0',
  'accept-language' => 'zh-CN,zh;q=0.9',
  'accept-encoding' => 'gzip, deflate, br',
  'referer' => 'http://localhost:8080/vlusi_fastadmin/public/admin/index/login.html',
  'accept' => '*/*',
  'user-agent' => 'Mozilla/5.0 (Windows NT 10.0; WOW64) AppleWebKit/537.36 (KHTML, like Gecko) Chrome/65.0.3325.181 Safari/537.36',
  'connection' => 'close',
  'host' => 'localhost:8080',
)
[ info ] [ PARAM ] array (
  'callback' => 'define',
  'controllername' => 'index',
  'v' => '1540899853',
)
[ info ] [ LANG ] D:\phpStudy\WWW\vlusi_fastadmin\public/../application/admin\lang\zh-cn.php
[ info ] [ BEHAVIOR ] Run app\common\behavior\Common @module_init [ RunTime:0.001300s ]
[ info ] [ SESSION ] INIT array (
  'id' => '',
  'var_session_id' => '',
  'prefix' => 'think',
  'type' => '',
  'auto_start' => true,
)
[ info ] [ LANG ] D:\phpStudy\WWW\vlusi_fastadmin\public/../application/admin/lang/zh-cn/ajax.php
[ info ] [ RUN ] app\admin\controller\Ajax->lang[ D:\phpStudy\WWW\vlusi_fastadmin\application\admin\controller\Ajax.php ]
[ info ] [ LANG ] D:\phpStudy\WWW\vlusi_fastadmin\public/../application/admin/lang/zh-cn/index.php
[ info ] [ BEHAVIOR ] Run app\admin\behavior\AdminLog @app_end [ RunTime:0.000972s ]
[ info ] [ LOG ] INIT File
---------------------------------------------------------------
[ 2018-10-30T19:44:16+08:00 ] 0.0.0.0 POST /vlusi_fastadmin/public/admin/index/login.html
[ info ] localhost:8080/vlusi_fastadmin/public/admin/index/login.html [运行时间：0.456826s][吞吐率：2.19req/s] [内存消耗：2,978.95kb] [文件加载：78]
[ info ] [ BEHAVIOR ] Run Closure @app_init [ RunTime:0.000023s ]
[ info ] [ CACHE ] INIT File
[ info ] [ BEHAVIOR ] Run Closure @app_init [ RunTime:0.001129s ]
[ info ] [ LANG ] D:\phpStudy\WWW\vlusi_fastadmin\thinkphp\lang\zh-cn.php
[ info ] [ ROUTE ] array (
  'type' => 'module',
  'module' => 
  array (
    0 => 'admin',
    1 => 'index',
    2 => 'login',
  ),
)
[ info ] [ HEADER ] array (
  'cookie' => 'keeplogin=1%7C86400%7C1540709555%7Cfc1e9212dfeb60b7046910f3ce5f4e07; Hm_lvt_f8d0a8c400404989e195270b0bbf060a=1540621803,1540705455,1540713385,1540899853; Hm_lpvt_f8d0a8c400404989e195270b0bbf060a=1540899853; PHPSESSID=srr4bfhpht4m6e2cjj4r1mv5o0',
  'accept-language' => 'zh-CN,zh;q=0.9',
  'accept-encoding' => 'gzip, deflate, br',
  'referer' => 'http://localhost:8080/vlusi_fastadmin/public/admin/index/login.html',
  'content-type' => 'application/x-www-form-urlencoded; charset=UTF-8',
  'user-agent' => 'Mozilla/5.0 (Windows NT 10.0; WOW64) AppleWebKit/537.36 (KHTML, like Gecko) Chrome/65.0.3325.181 Safari/537.36',
  'x-requested-with' => 'XMLHttpRequest',
  'origin' => 'http://localhost:8080',
  'accept' => 'application/json, text/javascript, */*; q=0.01',
  'content-length' => '75',
  'connection' => 'close',
  'host' => 'localhost:8080',
)
[ info ] [ PARAM ] array (
  '__token__' => '28a3a4167a4fdcd14e8fbaa470e179f1',
  'username' => 'admin',
  'password' => 'admin123',
)
[ info ] [ LANG ] D:\phpStudy\WWW\vlusi_fastadmin\public/../application/admin\lang\zh-cn.php
[ info ] [ BEHAVIOR ] Run app\common\behavior\Common @module_init [ RunTime:0.001277s ]
[ info ] [ SESSION ] INIT array (
  'id' => '',
  'var_session_id' => '',
  'prefix' => 'think',
  'type' => '',
  'auto_start' => true,
)
[ info ] [ LANG ] D:\phpStudy\WWW\vlusi_fastadmin\public/../application/admin/lang/zh-cn/index.php
[ info ] [ RUN ] app\admin\controller\Index->login[ D:\phpStudy\WWW\vlusi_fastadmin\application\admin\controller\Index.php ]
[ info ] [ DB ] INIT mysql
[ info ] [ BEHAVIOR ] Run app\admin\behavior\AdminLog @app_end [ RunTime:0.059014s ]
[ info ] [ LOG ] INIT File
[ sql ] [ DB ] CONNECT:[ UseTime:0.090356s ] mysql:host=47.96.179.77;dbname=vlusi_fastadmin;charset=utf8
[ sql ] [ SQL ] SHOW COLUMNS FROM `fa_admin` [ RunTime:0.066932s ]
[ sql ] [ SQL ] SELECT * FROM `fa_admin` WHERE  `username` = 'admin' LIMIT 1 [ RunTime:0.030765s ]
[ sql ] [ SQL ] UPDATE `fa_admin`  SET `logintime`=1540899856,`token`='bfda3a8d-d306-4cd8-a520-77ac4a0410f0',`updatetime`=1540899856  WHERE  `id` = 1 [ RunTime:0.027773s ]
[ sql ] [ SQL ] SHOW COLUMNS FROM `fa_admin_log` [ RunTime:0.026481s ]
[ sql ] [ SQL ] INSERT INTO `fa_admin_log` (`title` , `content` , `url` , `admin_id` , `username` , `useragent` , `ip` , `createtime`) VALUES ('登录' , '{\"__token__\":\"28a3a4167a4fdcd14e8fbaa470e179f1\",\"username\":\"admin\"}' , '/vlusi_fastadmin/public/admin/index/login.html' , 1 , 'admin' , 'Mozilla/5.0 (Windows NT 10.0; WOW64) AppleWebKit/537.36 (KHTML, like Gecko) Chrome/65.0.3325.181 Safari/537.36' , '0.0.0.0' , 1540899856) [ RunTime:0.031427s ]
---------------------------------------------------------------
[ 2018-10-30T19:44:17+08:00 ] 0.0.0.0 GET /vlusi_fastadmin/public/admin/index/index
[ info ] localhost:8080/vlusi_fastadmin/public/admin/index/index [运行时间：0.596671s][吞吐率：1.68req/s] [内存消耗：3,257.77kb] [文件加载：88]
[ info ] [ BEHAVIOR ] Run Closure @app_init [ RunTime:0.000022s ]
[ info ] [ CACHE ] INIT File
[ info ] [ BEHAVIOR ] Run Closure @app_init [ RunTime:0.001274s ]
[ info ] [ LANG ] D:\phpStudy\WWW\vlusi_fastadmin\thinkphp\lang\zh-cn.php
[ info ] [ ROUTE ] array (
  'type' => 'module',
  'module' => 
  array (
    0 => 'admin',
    1 => 'index',
    2 => 'index',
  ),
)
[ info ] [ HEADER ] array (
  'cookie' => 'keeplogin=1%7C86400%7C1540709555%7Cfc1e9212dfeb60b7046910f3ce5f4e07; Hm_lvt_f8d0a8c400404989e195270b0bbf060a=1540621803,1540705455,1540713385,1540899853; Hm_lpvt_f8d0a8c400404989e195270b0bbf060a=1540899853; PHPSESSID=srr4bfhpht4m6e2cjj4r1mv5o0',
  'accept-language' => 'zh-CN,zh;q=0.9',
  'accept-encoding' => 'gzip, deflate, br',
  'referer' => 'http://localhost:8080/vlusi_fastadmin/public/admin/index/login.html',
  'accept' => 'text/html,application/xhtml+xml,application/xml;q=0.9,image/webp,image/apng,*/*;q=0.8',
  'user-agent' => 'Mozilla/5.0 (Windows NT 10.0; WOW64) AppleWebKit/537.36 (KHTML, like Gecko) Chrome/65.0.3325.181 Safari/537.36',
  'upgrade-insecure-requests' => '1',
  'connection' => 'close',
  'host' => 'localhost:8080',
)
[ info ] [ PARAM ] array (
)
[ info ] [ LANG ] D:\phpStudy\WWW\vlusi_fastadmin\public/../application/admin\lang\zh-cn.php
[ info ] [ BEHAVIOR ] Run app\common\behavior\Common @module_init [ RunTime:0.001261s ]
[ info ] [ SESSION ] INIT array (
  'id' => '',
  'var_session_id' => '',
  'prefix' => 'think',
  'type' => '',
  'auto_start' => true,
)
[ info ] [ LANG ] D:\phpStudy\WWW\vlusi_fastadmin\public/../application/admin/lang/zh-cn/index.php
[ info ] [ RUN ] app\admin\controller\Index->index[ D:\phpStudy\WWW\vlusi_fastadmin\application\admin\controller\Index.php ]
[ info ] [ DB ] INIT mysql
[ info ] [ VIEW ] D:\phpStudy\WWW\vlusi_fastadmin\public/../application/admin\view\index\index.html [ array (
  0 => 'breadcrumb',
  1 => 'site',
  2 => 'config',
  3 => 'auth',
  4 => 'admin',
  5 => 'menulist',
  6 => 'navlist',
  7 => 'fixedmenu',
  8 => 'referermenu',
  9 => 'title',
) ]
[ info ] [ BEHAVIOR ] Run app\admin\behavior\AdminLog @app_end [ RunTime:0.000758s ]
[ info ] [ LOG ] INIT File
[ sql ] [ DB ] CONNECT:[ UseTime:0.041574s ] mysql:host=47.96.179.77;dbname=vlusi_fastadmin;charset=utf8
[ sql ] [ SQL ] SHOW COLUMNS FROM `fa_auth_group_access` [ RunTime:0.029453s ]
[ sql ] [ SQL ] SELECT `aga`.`uid`,`aga`.`group_id`,`ag`.`id`,`ag`.`pid`,`ag`.`name`,`ag`.`rules` FROM `fa_auth_group_access` `aga` LEFT JOIN `fa_auth_group` `ag` ON `aga`.`group_id`=`ag`.`id` WHERE  (  aga.uid='1' and ag.status='normal' ) [ RunTime:0.038931s ]
[ sql ] [ SQL ] SHOW COLUMNS FROM `fa_auth_rule` [ RunTime:0.029028s ]
[ sql ] [ SQL ] SELECT `id`,`pid`,`condition`,`icon`,`name`,`title`,`ismenu` FROM `fa_auth_rule` WHERE  `status` = 'normal' [ RunTime:0.033432s ]
---------------------------------------------------------------
[ 2018-10-30T19:44:17+08:00 ] 0.0.0.0 GET /vlusi_fastadmin/public/admin/dashboard?addtabs=1
[ info ] localhost:8080/vlusi_fastadmin/public/admin/dashboard?addtabs=1 [运行时间：0.455663s][吞吐率：2.19req/s] [内存消耗：3,145.81kb] [文件加载：78]
[ info ] [ BEHAVIOR ] Run Closure @app_init [ RunTime:0.000030s ]
[ info ] [ CACHE ] INIT File
[ info ] [ BEHAVIOR ] Run Closure @app_init [ RunTime:0.002012s ]
[ info ] [ LANG ] D:\phpStudy\WWW\vlusi_fastadmin\thinkphp\lang\zh-cn.php
[ info ] [ ROUTE ] array (
  'type' => 'module',
  'module' => 
  array (
    0 => 'admin',
    1 => 'dashboard',
    2 => NULL,
  ),
)
[ info ] [ HEADER ] array (
  'cookie' => 'keeplogin=1%7C86400%7C1540709555%7Cfc1e9212dfeb60b7046910f3ce5f4e07; Hm_lvt_f8d0a8c400404989e195270b0bbf060a=1540621803,1540705455,1540713385,1540899853; Hm_lpvt_f8d0a8c400404989e195270b0bbf060a=1540899853; PHPSESSID=srr4bfhpht4m6e2cjj4r1mv5o0',
  'accept-language' => 'zh-CN,zh;q=0.9',
  'accept-encoding' => 'gzip, deflate, br',
  'referer' => 'http://localhost:8080/vlusi_fastadmin/public/admin/index/index',
  'accept' => 'text/html,application/xhtml+xml,application/xml;q=0.9,image/webp,image/apng,*/*;q=0.8',
  'user-agent' => 'Mozilla/5.0 (Windows NT 10.0; WOW64) AppleWebKit/537.36 (KHTML, like Gecko) Chrome/65.0.3325.181 Safari/537.36',
  'upgrade-insecure-requests' => '1',
  'connection' => 'close',
  'host' => 'localhost:8080',
)
[ info ] [ PARAM ] array (
  'addtabs' => '1',
)
[ info ] [ LANG ] D:\phpStudy\WWW\vlusi_fastadmin\public/../application/admin\lang\zh-cn.php
[ info ] [ BEHAVIOR ] Run app\common\behavior\Common @module_init [ RunTime:0.001834s ]
[ info ] [ SESSION ] INIT array (
  'id' => '',
  'var_session_id' => '',
  'prefix' => 'think',
  'type' => '',
  'auto_start' => true,
)
[ info ] [ DB ] INIT mysql
[ info ] [ LANG ] D:\phpStudy\WWW\vlusi_fastadmin\public/../application/admin/lang/zh-cn/dashboard.php
[ info ] [ RUN ] app\admin\controller\Dashboard->index[ D:\phpStudy\WWW\vlusi_fastadmin\application\admin\controller\Dashboard.php ]
[ info ] [ VIEW ] D:\phpStudy\WWW\vlusi_fastadmin\public/../application/admin\view\dashboard\index.html [ array (
  0 => 'breadcrumb',
  1 => 'site',
  2 => 'config',
  3 => 'auth',
  4 => 'admin',
  5 => 'totaluser',
  6 => 'totalviews',
  7 => 'totalorder',
  8 => 'totalorderamount',
  9 => 'todayuserlogin',
  10 => 'todayusersignup',
  11 => 'todayorder',
  12 => 'unsettleorder',
  13 => 'sevendnu',
  14 => 'sevendau',
  15 => 'paylist',
  16 => 'createlist',
  17 => 'addonversion',
  18 => 'uploadmode',
) ]
[ info ] [ BEHAVIOR ] Run app\admin\behavior\AdminLog @app_end [ RunTime:0.000552s ]
[ info ] [ LOG ] INIT File
[ sql ] [ DB ] CONNECT:[ UseTime:0.047386s ] mysql:host=47.96.179.77;dbname=vlusi_fastadmin;charset=utf8
[ sql ] [ SQL ] SHOW COLUMNS FROM `fa_auth_group_access` [ RunTime:0.028643s ]
[ sql ] [ SQL ] SELECT `aga`.`uid`,`aga`.`group_id`,`ag`.`id`,`ag`.`pid`,`ag`.`name`,`ag`.`rules` FROM `fa_auth_group_access` `aga` LEFT JOIN `fa_auth_group` `ag` ON `aga`.`group_id`=`ag`.`id` WHERE  (  aga.uid='1' and ag.status='normal' ) [ RunTime:0.036183s ]
[ sql ] [ SQL ] SHOW COLUMNS FROM `fa_auth_rule` [ RunTime:0.030334s ]
[ sql ] [ SQL ] SELECT `id`,`pid`,`condition`,`icon`,`name`,`title`,`ismenu` FROM `fa_auth_rule` WHERE  `status` = 'normal' [ RunTime:0.039617s ]
[ sql ] [ SQL ] SELECT `title`,`remark` FROM `fa_auth_rule` WHERE  `name` = 'dashboard' LIMIT 1 [ RunTime:0.032756s ]
---------------------------------------------------------------
[ 2018-10-30T19:44:17+08:00 ] 0.0.0.0 GET /vlusi_fastadmin/public/admin/ajax/lang?callback=define&controllername=dashboard&v=1540899857
[ info ] localhost:8080/vlusi_fastadmin/public/admin/ajax/lang?callback=define&controllername=dashboard&v=1540899857 [运行时间：0.041281s][吞吐率：24.22req/s] [内存消耗：2,340.24kb] [文件加载：69]
[ info ] [ BEHAVIOR ] Run Closure @app_init [ RunTime:0.000020s ]
[ info ] [ CACHE ] INIT File
[ info ] [ BEHAVIOR ] Run Closure @app_init [ RunTime:0.001176s ]
[ info ] [ LANG ] D:\phpStudy\WWW\vlusi_fastadmin\thinkphp\lang\zh-cn.php
[ info ] [ ROUTE ] array (
  'type' => 'module',
  'module' => 
  array (
    0 => 'admin',
    1 => 'ajax',
    2 => 'lang',
  ),
)
[ info ] [ HEADER ] array (
  'cookie' => 'keeplogin=1%7C86400%7C1540709555%7Cfc1e9212dfeb60b7046910f3ce5f4e07; Hm_lvt_f8d0a8c400404989e195270b0bbf060a=1540621803,1540705455,1540713385,1540899853; Hm_lpvt_f8d0a8c400404989e195270b0bbf060a=1540899853; PHPSESSID=srr4bfhpht4m6e2cjj4r1mv5o0',
  'accept-language' => 'zh-CN,zh;q=0.9',
  'accept-encoding' => 'gzip, deflate, br',
  'referer' => 'http://localhost:8080/vlusi_fastadmin/public/admin/dashboard?addtabs=1',
  'accept' => '*/*',
  'user-agent' => 'Mozilla/5.0 (Windows NT 10.0; WOW64) AppleWebKit/537.36 (KHTML, like Gecko) Chrome/65.0.3325.181 Safari/537.36',
  'connection' => 'close',
  'host' => 'localhost:8080',
)
[ info ] [ PARAM ] array (
  'callback' => 'define',
  'controllername' => 'dashboard',
  'v' => '1540899857',
)
[ info ] [ LANG ] D:\phpStudy\WWW\vlusi_fastadmin\public/../application/admin\lang\zh-cn.php
[ info ] [ BEHAVIOR ] Run app\common\behavior\Common @module_init [ RunTime:0.001305s ]
[ info ] [ SESSION ] INIT array (
  'id' => '',
  'var_session_id' => '',
  'prefix' => 'think',
  'type' => '',
  'auto_start' => true,
)
[ info ] [ LANG ] D:\phpStudy\WWW\vlusi_fastadmin\public/../application/admin/lang/zh-cn/ajax.php
[ info ] [ RUN ] app\admin\controller\Ajax->lang[ D:\phpStudy\WWW\vlusi_fastadmin\application\admin\controller\Ajax.php ]
[ info ] [ LANG ] D:\phpStudy\WWW\vlusi_fastadmin\public/../application/admin/lang/zh-cn/dashboard.php
[ info ] [ BEHAVIOR ] Run app\admin\behavior\AdminLog @app_end [ RunTime:0.000511s ]
[ info ] [ LOG ] INIT File
---------------------------------------------------------------
[ 2018-10-30T19:44:18+08:00 ] 0.0.0.0 GET /vlusi_fastadmin/public/admin/ajax/lang?callback=define&controllername=index&v=1540899856
[ info ] localhost:8080/vlusi_fastadmin/public/admin/ajax/lang?callback=define&controllername=index&v=1540899856 [运行时间：0.055307s][吞吐率：18.08req/s] [内存消耗：2,341.79kb] [文件加载：69]
[ info ] [ BEHAVIOR ] Run Closure @app_init [ RunTime:0.000033s ]
[ info ] [ CACHE ] INIT File
[ info ] [ BEHAVIOR ] Run Closure @app_init [ RunTime:0.002261s ]
[ info ] [ LANG ] D:\phpStudy\WWW\vlusi_fastadmin\thinkphp\lang\zh-cn.php
[ info ] [ ROUTE ] array (
  'type' => 'module',
  'module' => 
  array (
    0 => 'admin',
    1 => 'ajax',
    2 => 'lang',
  ),
)
[ info ] [ HEADER ] array (
  'cookie' => 'keeplogin=1%7C86400%7C1540709555%7Cfc1e9212dfeb60b7046910f3ce5f4e07; Hm_lvt_f8d0a8c400404989e195270b0bbf060a=1540621803,1540705455,1540713385,1540899853; Hm_lpvt_f8d0a8c400404989e195270b0bbf060a=1540899853; PHPSESSID=srr4bfhpht4m6e2cjj4r1mv5o0',
  'accept-language' => 'zh-CN,zh;q=0.9',
  'accept-encoding' => 'gzip, deflate, br',
  'referer' => 'http://localhost:8080/vlusi_fastadmin/public/admin/index/index',
  'accept' => '*/*',
  'user-agent' => 'Mozilla/5.0 (Windows NT 10.0; WOW64) AppleWebKit/537.36 (KHTML, like Gecko) Chrome/65.0.3325.181 Safari/537.36',
  'connection' => 'close',
  'host' => 'localhost:8080',
)
[ info ] [ PARAM ] array (
  'callback' => 'define',
  'controllername' => 'index',
  'v' => '1540899856',
)
[ info ] [ LANG ] D:\phpStudy\WWW\vlusi_fastadmin\public/../application/admin\lang\zh-cn.php
[ info ] [ BEHAVIOR ] Run app\common\behavior\Common @module_init [ RunTime:0.002218s ]
[ info ] [ SESSION ] INIT array (
  'id' => '',
  'var_session_id' => '',
  'prefix' => 'think',
  'type' => '',
  'auto_start' => true,
)
[ info ] [ LANG ] D:\phpStudy\WWW\vlusi_fastadmin\public/../application/admin/lang/zh-cn/ajax.php
[ info ] [ RUN ] app\admin\controller\Ajax->lang[ D:\phpStudy\WWW\vlusi_fastadmin\application\admin\controller\Ajax.php ]
[ info ] [ LANG ] D:\phpStudy\WWW\vlusi_fastadmin\public/../application/admin/lang/zh-cn/index.php
[ info ] [ BEHAVIOR ] Run app\admin\behavior\AdminLog @app_end [ RunTime:0.001037s ]
[ info ] [ LOG ] INIT File
---------------------------------------------------------------
[ 2018-10-30T19:44:25+08:00 ] 0.0.0.0 GET /vlusi_fastadmin/public/admin/information/information/information_list?addtabs=1
[ info ] localhost:8080/vlusi_fastadmin/public/admin/information/information/information_list?addtabs=1 [运行时间：0.424381s][吞吐率：2.36req/s] [内存消耗：3,080.68kb] [文件加载：76]
[ info ] [ BEHAVIOR ] Run Closure @app_init [ RunTime:0.000033s ]
[ info ] [ CACHE ] INIT File
[ info ] [ BEHAVIOR ] Run Closure @app_init [ RunTime:0.001680s ]
[ info ] [ LANG ] D:\phpStudy\WWW\vlusi_fastadmin\thinkphp\lang\zh-cn.php
[ info ] [ ROUTE ] array (
  'type' => 'module',
  'module' => 
  array (
    0 => 'admin',
    1 => 'information.information',
    2 => 'information_list',
  ),
)
[ info ] [ HEADER ] array (
  'cookie' => 'keeplogin=1%7C86400%7C1540709555%7Cfc1e9212dfeb60b7046910f3ce5f4e07; Hm_lvt_f8d0a8c400404989e195270b0bbf060a=1540621803,1540705455,1540713385,1540899853; Hm_lpvt_f8d0a8c400404989e195270b0bbf060a=1540899853; PHPSESSID=srr4bfhpht4m6e2cjj4r1mv5o0',
  'accept-language' => 'zh-CN,zh;q=0.9',
  'accept-encoding' => 'gzip, deflate, br',
  'referer' => 'http://localhost:8080/vlusi_fastadmin/public/admin/information/information/information_list?ref=addtabs',
  'accept' => 'text/html,application/xhtml+xml,application/xml;q=0.9,image/webp,image/apng,*/*;q=0.8',
  'user-agent' => 'Mozilla/5.0 (Windows NT 10.0; WOW64) AppleWebKit/537.36 (KHTML, like Gecko) Chrome/65.0.3325.181 Safari/537.36',
  'upgrade-insecure-requests' => '1',
  'connection' => 'close',
  'host' => 'localhost:8080',
)
[ info ] [ PARAM ] array (
  'addtabs' => '1',
)
[ info ] [ LANG ] D:\phpStudy\WWW\vlusi_fastadmin\public/../application/admin\lang\zh-cn.php
[ info ] [ BEHAVIOR ] Run app\common\behavior\Common @module_init [ RunTime:0.002724s ]
[ info ] [ SESSION ] INIT array (
  'id' => '',
  'var_session_id' => '',
  'prefix' => 'think',
  'type' => '',
  'auto_start' => true,
)
[ info ] [ DB ] INIT mysql
[ info ] [ RUN ] app\admin\controller\information\Information->information_list[ D:\phpStudy\WWW\vlusi_fastadmin\application\admin\controller\information\Information.php ]
[ info ] [ VIEW ] D:\phpStudy\WWW\vlusi_fastadmin\public/../application/admin\view\information\information\information_list.html [ array (
  0 => 'breadcrumb',
  1 => 'site',
  2 => 'config',
  3 => 'auth',
  4 => 'admin',
) ]
[ info ] [ BEHAVIOR ] Run app\admin\behavior\AdminLog @app_end [ RunTime:0.000588s ]
[ info ] [ LOG ] INIT File
[ sql ] [ DB ] CONNECT:[ UseTime:0.075567s ] mysql:host=47.96.179.77;dbname=vlusi_fastadmin;charset=utf8
[ sql ] [ SQL ] SHOW COLUMNS FROM `fa_auth_group_access` [ RunTime:0.032150s ]
[ sql ] [ SQL ] SELECT `aga`.`uid`,`aga`.`group_id`,`ag`.`id`,`ag`.`pid`,`ag`.`name`,`ag`.`rules` FROM `fa_auth_group_access` `aga` LEFT JOIN `fa_auth_group` `ag` ON `aga`.`group_id`=`ag`.`id` WHERE  (  aga.uid='1' and ag.status='normal' ) [ RunTime:0.028080s ]
[ sql ] [ SQL ] SHOW COLUMNS FROM `fa_auth_rule` [ RunTime:0.048293s ]
[ sql ] [ SQL ] SELECT `id`,`pid`,`condition`,`icon`,`name`,`title`,`ismenu` FROM `fa_auth_rule` WHERE  `status` = 'normal' [ RunTime:0.031145s ]
[ sql ] [ SQL ] SELECT `title`,`remark` FROM `fa_auth_rule` WHERE  `name` = 'information/information/information_list' LIMIT 1 [ RunTime:0.033530s ]
---------------------------------------------------------------
[ 2018-10-30T19:44:25+08:00 ] 0.0.0.0 GET /vlusi_fastadmin/public/admin/ajax/lang?callback=define&controllername=information.information&v=1540899865
[ info ] localhost:8080/vlusi_fastadmin/public/admin/ajax/lang?callback=define&controllername=information.information&v=1540899865 [运行时间：0.042285s][吞吐率：23.65req/s] [内存消耗：2,337.59kb] [文件加载：68]
[ info ] [ BEHAVIOR ] Run Closure @app_init [ RunTime:0.000023s ]
[ info ] [ CACHE ] INIT File
[ info ] [ BEHAVIOR ] Run Closure @app_init [ RunTime:0.001201s ]
[ info ] [ LANG ] D:\phpStudy\WWW\vlusi_fastadmin\thinkphp\lang\zh-cn.php
[ info ] [ ROUTE ] array (
  'type' => 'module',
  'module' => 
  array (
    0 => 'admin',
    1 => 'ajax',
    2 => 'lang',
  ),
)
[ info ] [ HEADER ] array (
  'cookie' => 'keeplogin=1%7C86400%7C1540709555%7Cfc1e9212dfeb60b7046910f3ce5f4e07; Hm_lvt_f8d0a8c400404989e195270b0bbf060a=1540621803,1540705455,1540713385,1540899853; Hm_lpvt_f8d0a8c400404989e195270b0bbf060a=1540899853; PHPSESSID=srr4bfhpht4m6e2cjj4r1mv5o0',
  'accept-language' => 'zh-CN,zh;q=0.9',
  'accept-encoding' => 'gzip, deflate, br',
  'referer' => 'http://localhost:8080/vlusi_fastadmin/public/admin/information/information/information_list?addtabs=1',
  'accept' => '*/*',
  'user-agent' => 'Mozilla/5.0 (Windows NT 10.0; WOW64) AppleWebKit/537.36 (KHTML, like Gecko) Chrome/65.0.3325.181 Safari/537.36',
  'connection' => 'close',
  'host' => 'localhost:8080',
)
[ info ] [ PARAM ] array (
  'callback' => 'define',
  'controllername' => 'information.information',
  'v' => '1540899865',
)
[ info ] [ LANG ] D:\phpStudy\WWW\vlusi_fastadmin\public/../application/admin\lang\zh-cn.php
[ info ] [ BEHAVIOR ] Run app\common\behavior\Common @module_init [ RunTime:0.001170s ]
[ info ] [ SESSION ] INIT array (
  'id' => '',
  'var_session_id' => '',
  'prefix' => 'think',
  'type' => '',
  'auto_start' => true,
)
[ info ] [ LANG ] D:\phpStudy\WWW\vlusi_fastadmin\public/../application/admin/lang/zh-cn/ajax.php
[ info ] [ RUN ] app\admin\controller\Ajax->lang[ D:\phpStudy\WWW\vlusi_fastadmin\application\admin\controller\Ajax.php ]
[ info ] [ BEHAVIOR ] Run app\admin\behavior\AdminLog @app_end [ RunTime:0.000570s ]
[ info ] [ LOG ] INIT File
---------------------------------------------------------------
[ 2018-10-30T19:44:26+08:00 ] 0.0.0.0 GET /vlusi_fastadmin/public/assets/js/backend/information/information.js?v=1540899865
[ info ] localhost:8080/vlusi_fastadmin/public/assets/js/backend/information/information.js?v=1540899865 [运行时间：0.072535s][吞吐率：13.79req/s] [内存消耗：1,387.13kb] [文件加载：48]
[ info ] [ BEHAVIOR ] Run Closure @app_init [ RunTime:0.000022s ]
[ info ] [ CACHE ] INIT File
[ info ] [ BEHAVIOR ] Run Closure @app_init [ RunTime:0.001214s ]
[ info ] [ LANG ] D:\phpStudy\WWW\vlusi_fastadmin\thinkphp\lang\zh-cn.php
[ info ] [ ROUTE ] array (
  'type' => 'module',
  'module' => 
  array (
    0 => 'assets',
    1 => 'js',
    2 => 'backend',
  ),
)
[ info ] [ HEADER ] array (
  'cookie' => 'keeplogin=1%7C86400%7C1540709555%7Cfc1e9212dfeb60b7046910f3ce5f4e07; Hm_lvt_f8d0a8c400404989e195270b0bbf060a=1540621803,1540705455,1540713385,1540899853; Hm_lpvt_f8d0a8c400404989e195270b0bbf060a=1540899853; PHPSESSID=srr4bfhpht4m6e2cjj4r1mv5o0',
  'accept-language' => 'zh-CN,zh;q=0.9',
  'accept-encoding' => 'gzip, deflate, br',
  'referer' => 'http://localhost:8080/vlusi_fastadmin/public/admin/information/information/information_list?addtabs=1',
  'accept' => '*/*',
  'user-agent' => 'Mozilla/5.0 (Windows NT 10.0; WOW64) AppleWebKit/537.36 (KHTML, like Gecko) Chrome/65.0.3325.181 Safari/537.36',
  'connection' => 'close',
  'host' => 'localhost:8080',
)
[ info ] [ PARAM ] array (
  'v' => '1540899865',
  'information' => 'information.js',
)
[ info ] [ LOG ] INIT File
