---------------------------------------------------------------
[ 2018-11-02T20:48:51+08:00 ] 0.0.0.0 GET /vlusi_fastadmin/public/admin/dashboard?ref=addtabs
[ info ] localhost:8080/vlusi_fastadmin/public/admin/dashboard?ref=addtabs [运行时间：0.880115s][吞吐率：1.14req/s] [内存消耗：2,077.85kb] [文件加载：66]
[ info ] [ BEHAVIOR ] Run Closure @app_init [ RunTime:0.037111s ]
[ info ] [ CACHE ] INIT File
[ info ] [ BEHAVIOR ] Run Closure @app_init [ RunTime:0.019531s ]
[ info ] [ LANG ] D:\phpStudy\WWW\vlusi_fastadmin\thinkphp\lang\zh-cn.php
[ info ] [ ROUTE ] array (
  'type' => 'module',
  'module' => 
  array (
    0 => 'admin',
    1 => 'dashboard',
    2 => NULL,
  ),
)
[ info ] [ HEADER ] array (
  'cookie' => 'keeplogin=1%7C86400%7C1540709555%7Cfc1e9212dfeb60b7046910f3ce5f4e07; Hm_lvt_f8d0a8c400404989e195270b0bbf060a=1540621803,1540705455,1540713385,1540899853',
  'accept-language' => 'zh-CN,zh;q=0.9',
  'accept-encoding' => 'gzip, deflate, br',
  'accept' => 'text/html,application/xhtml+xml,application/xml;q=0.9,image/webp,image/apng,*/*;q=0.8',
  'user-agent' => 'Mozilla/5.0 (Windows NT 10.0; WOW64) AppleWebKit/537.36 (KHTML, like Gecko) Chrome/65.0.3325.181 Safari/537.36',
  'upgrade-insecure-requests' => '1',
  'connection' => 'close',
  'host' => 'localhost:8080',
)
[ info ] [ PARAM ] array (
  'ref' => 'addtabs',
)
[ info ] [ LANG ] D:\phpStudy\WWW\vlusi_fastadmin\public/../application/admin\lang\zh-cn.php
[ info ] [ BEHAVIOR ] Run app\common\behavior\Common @module_init [ RunTime:0.039119s ]
[ info ] [ SESSION ] INIT array (
  'id' => '',
  'var_session_id' => '',
  'prefix' => 'think',
  'type' => '',
  'auto_start' => true,
)
[ info ] [ VIEW ] D:\phpStudy\WWW\vlusi_fastadmin\public/../application/common\view\tpl\dispatch_jump.tpl [ array (
  0 => 'code',
  1 => 'msg',
  2 => 'data',
  3 => 'url',
  4 => 'wait',
) ]
[ info ] [ BEHAVIOR ] Run app\admin\behavior\AdminLog @app_end [ RunTime:0.000569s ]
[ info ] [ LOG ] INIT File
---------------------------------------------------------------
[ 2018-11-02T20:48:54+08:00 ] 0.0.0.0 GET /vlusi_fastadmin/public/admin/index/login?url=%2Fvlusi_fastadmin%2Fpublic%2Fadmin%2Fdashboard%3Fref%3Daddtabs
[ info ] localhost:8080/vlusi_fastadmin/public/admin/index/login?url=%2Fvlusi_fastadmin%2Fpublic%2Fadmin%2Fdashboard%3Fref%3Daddtabs [运行时间：0.249243s][吞吐率：4.01req/s] [内存消耗：2,338.56kb] [文件加载：69]
[ info ] [ BEHAVIOR ] Run Closure @app_init [ RunTime:0.000022s ]
[ info ] [ CACHE ] INIT File
[ info ] [ BEHAVIOR ] Run Closure @app_init [ RunTime:0.001131s ]
[ info ] [ LANG ] D:\phpStudy\WWW\vlusi_fastadmin\thinkphp\lang\zh-cn.php
[ info ] [ ROUTE ] array (
  'type' => 'module',
  'module' => 
  array (
    0 => 'admin',
    1 => 'index',
    2 => 'login',
  ),
)
[ info ] [ HEADER ] array (
  'cookie' => 'keeplogin=1%7C86400%7C1540709555%7Cfc1e9212dfeb60b7046910f3ce5f4e07; Hm_lvt_f8d0a8c400404989e195270b0bbf060a=1540621803,1540705455,1540713385,1540899853; PHPSESSID=be8i433ijpv2721q90nojv3m20',
  'accept-language' => 'zh-CN,zh;q=0.9',
  'accept-encoding' => 'gzip, deflate, br',
  'referer' => 'http://localhost:8080/vlusi_fastadmin/public/admin/dashboard?ref=addtabs',
  'accept' => 'text/html,application/xhtml+xml,application/xml;q=0.9,image/webp,image/apng,*/*;q=0.8',
  'user-agent' => 'Mozilla/5.0 (Windows NT 10.0; WOW64) AppleWebKit/537.36 (KHTML, like Gecko) Chrome/65.0.3325.181 Safari/537.36',
  'upgrade-insecure-requests' => '1',
  'connection' => 'close',
  'host' => 'localhost:8080',
)
[ info ] [ PARAM ] array (
  'url' => '/vlusi_fastadmin/public/admin/dashboard?ref=addtabs',
)
[ info ] [ LANG ] D:\phpStudy\WWW\vlusi_fastadmin\public/../application/admin\lang\zh-cn.php
[ info ] [ BEHAVIOR ] Run app\common\behavior\Common @module_init [ RunTime:0.001215s ]
[ info ] [ SESSION ] INIT array (
  'id' => '',
  'var_session_id' => '',
  'prefix' => 'think',
  'type' => '',
  'auto_start' => true,
)
[ info ] [ LANG ] D:\phpStudy\WWW\vlusi_fastadmin\public/../application/admin/lang/zh-cn/index.php
[ info ] [ RUN ] app\admin\controller\Index->login[ D:\phpStudy\WWW\vlusi_fastadmin\application\admin\controller\Index.php ]
[ info ] [ VIEW ] D:\phpStudy\WWW\vlusi_fastadmin\public/../application/admin\view\index\login.html [ array (
  0 => 'breadcrumb',
  1 => 'site',
  2 => 'config',
  3 => 'auth',
  4 => 'admin',
  5 => 'background',
  6 => 'title',
) ]
[ info ] [ BEHAVIOR ] Run app\admin\behavior\AdminLog @app_end [ RunTime:0.000551s ]
[ info ] [ LOG ] INIT File
---------------------------------------------------------------
[ 2018-11-02T20:48:55+08:00 ] 0.0.0.0 GET /vlusi_fastadmin/public/admin/ajax/lang?callback=define&controllername=index&v=1541162934
[ info ] localhost:8080/vlusi_fastadmin/public/admin/ajax/lang?callback=define&controllername=index&v=1541162934 [运行时间：0.144964s][吞吐率：6.90req/s] [内存消耗：2,340.31kb] [文件加载：69]
[ info ] [ BEHAVIOR ] Run Closure @app_init [ RunTime:0.000019s ]
[ info ] [ CACHE ] INIT File
[ info ] [ BEHAVIOR ] Run Closure @app_init [ RunTime:0.001120s ]
[ info ] [ LANG ] D:\phpStudy\WWW\vlusi_fastadmin\thinkphp\lang\zh-cn.php
[ info ] [ ROUTE ] array (
  'type' => 'module',
  'module' => 
  array (
    0 => 'admin',
    1 => 'ajax',
    2 => 'lang',
  ),
)
[ info ] [ HEADER ] array (
  'cookie' => 'keeplogin=1%7C86400%7C1540709555%7Cfc1e9212dfeb60b7046910f3ce5f4e07; Hm_lvt_f8d0a8c400404989e195270b0bbf060a=1540621803,1540705455,1540713385,1540899853; PHPSESSID=be8i433ijpv2721q90nojv3m20',
  'accept-language' => 'zh-CN,zh;q=0.9',
  'accept-encoding' => 'gzip, deflate, br',
  'referer' => 'http://localhost:8080/vlusi_fastadmin/public/admin/index/login?url=%2Fvlusi_fastadmin%2Fpublic%2Fadmin%2Fdashboard%3Fref%3Daddtabs',
  'accept' => '*/*',
  'user-agent' => 'Mozilla/5.0 (Windows NT 10.0; WOW64) AppleWebKit/537.36 (KHTML, like Gecko) Chrome/65.0.3325.181 Safari/537.36',
  'connection' => 'close',
  'host' => 'localhost:8080',
)
[ info ] [ PARAM ] array (
  'callback' => 'define',
  'controllername' => 'index',
  'v' => '1541162934',
)
[ info ] [ LANG ] D:\phpStudy\WWW\vlusi_fastadmin\public/../application/admin\lang\zh-cn.php
[ info ] [ BEHAVIOR ] Run app\common\behavior\Common @module_init [ RunTime:0.001341s ]
[ info ] [ SESSION ] INIT array (
  'id' => '',
  'var_session_id' => '',
  'prefix' => 'think',
  'type' => '',
  'auto_start' => true,
)
[ info ] [ LANG ] D:\phpStudy\WWW\vlusi_fastadmin\public/../application/admin/lang/zh-cn/ajax.php
[ info ] [ RUN ] app\admin\controller\Ajax->lang[ D:\phpStudy\WWW\vlusi_fastadmin\application\admin\controller\Ajax.php ]
[ info ] [ LANG ] D:\phpStudy\WWW\vlusi_fastadmin\public/../application/admin/lang/zh-cn/index.php
[ info ] [ BEHAVIOR ] Run app\admin\behavior\AdminLog @app_end [ RunTime:0.001711s ]
[ info ] [ LOG ] INIT File
---------------------------------------------------------------
[ 2018-11-02T20:48:59+08:00 ] 0.0.0.0 POST /vlusi_fastadmin/public/admin/index/login?url=%2Fvlusi_fastadmin%2Fpublic%2Fadmin%2Fdashboard%3Fref%3Daddtabs
[ info ] localhost:8080/vlusi_fastadmin/public/admin/index/login?url=%2Fvlusi_fastadmin%2Fpublic%2Fadmin%2Fdashboard%3Fref%3Daddtabs [运行时间：0.787765s][吞吐率：1.27req/s] [内存消耗：2,979.53kb] [文件加载：78]
[ info ] [ BEHAVIOR ] Run Closure @app_init [ RunTime:0.000018s ]
[ info ] [ CACHE ] INIT File
[ info ] [ BEHAVIOR ] Run Closure @app_init [ RunTime:0.001302s ]
[ info ] [ LANG ] D:\phpStudy\WWW\vlusi_fastadmin\thinkphp\lang\zh-cn.php
[ info ] [ ROUTE ] array (
  'type' => 'module',
  'module' => 
  array (
    0 => 'admin',
    1 => 'index',
    2 => 'login',
  ),
)
[ info ] [ HEADER ] array (
  'cookie' => 'keeplogin=1%7C86400%7C1540709555%7Cfc1e9212dfeb60b7046910f3ce5f4e07; Hm_lvt_f8d0a8c400404989e195270b0bbf060a=1540621803,1540705455,1540713385,1540899853; PHPSESSID=be8i433ijpv2721q90nojv3m20',
  'accept-language' => 'zh-CN,zh;q=0.9',
  'accept-encoding' => 'gzip, deflate, br',
  'referer' => 'http://localhost:8080/vlusi_fastadmin/public/admin/index/login?url=%2Fvlusi_fastadmin%2Fpublic%2Fadmin%2Fdashboard%3Fref%3Daddtabs',
  'content-type' => 'application/x-www-form-urlencoded; charset=UTF-8',
  'user-agent' => 'Mozilla/5.0 (Windows NT 10.0; WOW64) AppleWebKit/537.36 (KHTML, like Gecko) Chrome/65.0.3325.181 Safari/537.36',
  'x-requested-with' => 'XMLHttpRequest',
  'origin' => 'http://localhost:8080',
  'accept' => 'application/json, text/javascript, */*; q=0.01',
  'content-length' => '75',
  'connection' => 'close',
  'host' => 'localhost:8080',
)
[ info ] [ PARAM ] array (
  'url' => '/vlusi_fastadmin/public/admin/dashboard?ref=addtabs',
  '__token__' => '53114240887426b4288bb9fdd5ac6c8c',
  'username' => 'admin',
  'password' => 'admin123',
)
[ info ] [ LANG ] D:\phpStudy\WWW\vlusi_fastadmin\public/../application/admin\lang\zh-cn.php
[ info ] [ BEHAVIOR ] Run app\common\behavior\Common @module_init [ RunTime:0.001801s ]
[ info ] [ SESSION ] INIT array (
  'id' => '',
  'var_session_id' => '',
  'prefix' => 'think',
  'type' => '',
  'auto_start' => true,
)
[ info ] [ LANG ] D:\phpStudy\WWW\vlusi_fastadmin\public/../application/admin/lang/zh-cn/index.php
[ info ] [ RUN ] app\admin\controller\Index->login[ D:\phpStudy\WWW\vlusi_fastadmin\application\admin\controller\Index.php ]
[ info ] [ DB ] INIT mysql
[ info ] [ BEHAVIOR ] Run app\admin\behavior\AdminLog @app_end [ RunTime:0.105592s ]
[ info ] [ LOG ] INIT File
[ sql ] [ DB ] CONNECT:[ UseTime:0.353448s ] mysql:host=47.96.179.77;dbname=vlusi_fastadmin;charset=utf8
[ sql ] [ SQL ] SHOW COLUMNS FROM `fa_admin` [ RunTime:0.083940s ]
[ sql ] [ SQL ] SELECT * FROM `fa_admin` WHERE  `username` = 'admin' LIMIT 1 [ RunTime:0.058556s ]
[ sql ] [ SQL ] UPDATE `fa_admin`  SET `loginfailure`=0,`logintime`=1541162939,`token`='c3d2c6e0-289c-4ea2-bfc0-7101493b31ea',`updatetime`=1541162939  WHERE  `id` = 1 [ RunTime:0.063176s ]
[ sql ] [ SQL ] SHOW COLUMNS FROM `fa_admin_log` [ RunTime:0.051309s ]
[ sql ] [ SQL ] INSERT INTO `fa_admin_log` (`title` , `content` , `url` , `admin_id` , `username` , `useragent` , `ip` , `createtime`) VALUES ('登录' , '{\"url\":\"\\/vlusi_fastadmin\\/public\\/admin\\/dashboard?ref=addtabs\",\"__token__\":\"53114240887426b4288bb9fdd5ac6c8c\",\"username\":\"admin\"}' , '/vlusi_fastadmin/public/admin/index/login?url=%2Fvlusi_fastadmin%2Fpublic%2Fadmin%2Fdashboard%3Fref%3Daddtabs' , 1 , 'admin' , 'Mozilla/5.0 (Windows NT 10.0; WOW64) AppleWebKit/537.36 (KHTML, like Gecko) Chrome/65.0.3325.181 Safari/537.36' , '0.0.0.0' , 1541162939) [ RunTime:0.053405s ]
---------------------------------------------------------------
[ 2018-11-02T20:48:59+08:00 ] 0.0.0.0 GET /vlusi_fastadmin/public/admin/dashboard?ref=addtabs
[ info ] localhost:8080/vlusi_fastadmin/public/admin/dashboard?ref=addtabs [运行时间：0.412420s][吞吐率：2.42req/s] [内存消耗：2,736.58kb] [文件加载：73]
[ info ] [ BEHAVIOR ] Run Closure @app_init [ RunTime:0.000035s ]
[ info ] [ CACHE ] INIT File
[ info ] [ BEHAVIOR ] Run Closure @app_init [ RunTime:0.001860s ]
[ info ] [ LANG ] D:\phpStudy\WWW\vlusi_fastadmin\thinkphp\lang\zh-cn.php
[ info ] [ ROUTE ] array (
  'type' => 'module',
  'module' => 
  array (
    0 => 'admin',
    1 => 'dashboard',
    2 => NULL,
  ),
)
[ info ] [ HEADER ] array (
  'cookie' => 'keeplogin=1%7C86400%7C1540709555%7Cfc1e9212dfeb60b7046910f3ce5f4e07; Hm_lvt_f8d0a8c400404989e195270b0bbf060a=1540621803,1540705455,1540713385,1540899853; PHPSESSID=be8i433ijpv2721q90nojv3m20',
  'accept-language' => 'zh-CN,zh;q=0.9',
  'accept-encoding' => 'gzip, deflate, br',
  'referer' => 'http://localhost:8080/vlusi_fastadmin/public/admin/index/login?url=%2Fvlusi_fastadmin%2Fpublic%2Fadmin%2Fdashboard%3Fref%3Daddtabs',
  'accept' => 'text/html,application/xhtml+xml,application/xml;q=0.9,image/webp,image/apng,*/*;q=0.8',
  'user-agent' => 'Mozilla/5.0 (Windows NT 10.0; WOW64) AppleWebKit/537.36 (KHTML, like Gecko) Chrome/65.0.3325.181 Safari/537.36',
  'upgrade-insecure-requests' => '1',
  'connection' => 'close',
  'host' => 'localhost:8080',
)
[ info ] [ PARAM ] array (
  'ref' => 'addtabs',
)
[ info ] [ LANG ] D:\phpStudy\WWW\vlusi_fastadmin\public/../application/admin\lang\zh-cn.php
[ info ] [ BEHAVIOR ] Run app\common\behavior\Common @module_init [ RunTime:0.002130s ]
[ info ] [ SESSION ] INIT array (
  'id' => '',
  'var_session_id' => '',
  'prefix' => 'think',
  'type' => '',
  'auto_start' => true,
)
[ info ] [ DB ] INIT mysql
[ info ] [ BEHAVIOR ] Run app\admin\behavior\AdminLog @app_end [ RunTime:0.000706s ]
[ info ] [ LOG ] INIT File
[ sql ] [ DB ] CONNECT:[ UseTime:0.142465s ] mysql:host=47.96.179.77;dbname=vlusi_fastadmin;charset=utf8
[ sql ] [ SQL ] SHOW COLUMNS FROM `fa_auth_group_access` [ RunTime:0.053339s ]
[ sql ] [ SQL ] SELECT `aga`.`uid`,`aga`.`group_id`,`ag`.`id`,`ag`.`pid`,`ag`.`name`,`ag`.`rules` FROM `fa_auth_group_access` `aga` LEFT JOIN `fa_auth_group` `ag` ON `aga`.`group_id`=`ag`.`id` WHERE  (  aga.uid='1' and ag.status='normal' ) [ RunTime:0.052878s ]
[ sql ] [ SQL ] SHOW COLUMNS FROM `fa_auth_rule` [ RunTime:0.048797s ]
[ sql ] [ SQL ] SELECT `id`,`pid`,`condition`,`icon`,`name`,`title`,`ismenu` FROM `fa_auth_rule` WHERE  `status` = 'normal' [ RunTime:0.045622s ]
---------------------------------------------------------------
[ 2018-11-02T20:49:00+08:00 ] 0.0.0.0 GET /vlusi_fastadmin/public/admin/index/index
[ info ] localhost:8080/vlusi_fastadmin/public/admin/index/index [运行时间：0.493620s][吞吐率：2.03req/s] [内存消耗：3,258.00kb] [文件加载：88]
[ info ] [ BEHAVIOR ] Run Closure @app_init [ RunTime:0.000022s ]
[ info ] [ CACHE ] INIT File
[ info ] [ BEHAVIOR ] Run Closure @app_init [ RunTime:0.001391s ]
[ info ] [ LANG ] D:\phpStudy\WWW\vlusi_fastadmin\thinkphp\lang\zh-cn.php
[ info ] [ ROUTE ] array (
  'type' => 'module',
  'module' => 
  array (
    0 => 'admin',
    1 => 'index',
    2 => 'index',
  ),
)
[ info ] [ HEADER ] array (
  'cookie' => 'keeplogin=1%7C86400%7C1540709555%7Cfc1e9212dfeb60b7046910f3ce5f4e07; Hm_lvt_f8d0a8c400404989e195270b0bbf060a=1540621803,1540705455,1540713385,1540899853; PHPSESSID=be8i433ijpv2721q90nojv3m20',
  'accept-language' => 'zh-CN,zh;q=0.9',
  'accept-encoding' => 'gzip, deflate, br',
  'referer' => 'http://localhost:8080/vlusi_fastadmin/public/admin/index/login?url=%2Fvlusi_fastadmin%2Fpublic%2Fadmin%2Fdashboard%3Fref%3Daddtabs',
  'accept' => 'text/html,application/xhtml+xml,application/xml;q=0.9,image/webp,image/apng,*/*;q=0.8',
  'user-agent' => 'Mozilla/5.0 (Windows NT 10.0; WOW64) AppleWebKit/537.36 (KHTML, like Gecko) Chrome/65.0.3325.181 Safari/537.36',
  'upgrade-insecure-requests' => '1',
  'connection' => 'close',
  'host' => 'localhost:8080',
)
[ info ] [ PARAM ] array (
)
[ info ] [ LANG ] D:\phpStudy\WWW\vlusi_fastadmin\public/../application/admin\lang\zh-cn.php
[ info ] [ BEHAVIOR ] Run app\common\behavior\Common @module_init [ RunTime:0.001695s ]
[ info ] [ SESSION ] INIT array (
  'id' => '',
  'var_session_id' => '',
  'prefix' => 'think',
  'type' => '',
  'auto_start' => true,
)
[ info ] [ LANG ] D:\phpStudy\WWW\vlusi_fastadmin\public/../application/admin/lang/zh-cn/index.php
[ info ] [ RUN ] app\admin\controller\Index->index[ D:\phpStudy\WWW\vlusi_fastadmin\application\admin\controller\Index.php ]
[ info ] [ DB ] INIT mysql
[ info ] [ VIEW ] D:\phpStudy\WWW\vlusi_fastadmin\public/../application/admin\view\index\index.html [ array (
  0 => 'breadcrumb',
  1 => 'site',
  2 => 'config',
  3 => 'auth',
  4 => 'admin',
  5 => 'menulist',
  6 => 'navlist',
  7 => 'fixedmenu',
  8 => 'referermenu',
  9 => 'title',
) ]
[ info ] [ BEHAVIOR ] Run app\admin\behavior\AdminLog @app_end [ RunTime:0.000432s ]
[ info ] [ LOG ] INIT File
[ sql ] [ DB ] CONNECT:[ UseTime:0.081270s ] mysql:host=47.96.179.77;dbname=vlusi_fastadmin;charset=utf8
[ sql ] [ SQL ] SHOW COLUMNS FROM `fa_auth_group_access` [ RunTime:0.047570s ]
[ sql ] [ SQL ] SELECT `aga`.`uid`,`aga`.`group_id`,`ag`.`id`,`ag`.`pid`,`ag`.`name`,`ag`.`rules` FROM `fa_auth_group_access` `aga` LEFT JOIN `fa_auth_group` `ag` ON `aga`.`group_id`=`ag`.`id` WHERE  (  aga.uid='1' and ag.status='normal' ) [ RunTime:0.045005s ]
[ sql ] [ SQL ] SHOW COLUMNS FROM `fa_auth_rule` [ RunTime:0.065141s ]
[ sql ] [ SQL ] SELECT `id`,`pid`,`condition`,`icon`,`name`,`title`,`ismenu` FROM `fa_auth_rule` WHERE  `status` = 'normal' [ RunTime:0.065144s ]
---------------------------------------------------------------
[ 2018-11-02T20:49:00+08:00 ] 0.0.0.0 GET /vlusi_fastadmin/public/admin/dashboard?addtabs=1
[ info ] localhost:8080/vlusi_fastadmin/public/admin/dashboard?addtabs=1 [运行时间：0.540550s][吞吐率：1.85req/s] [内存消耗：3,145.67kb] [文件加载：78]
[ info ] [ BEHAVIOR ] Run Closure @app_init [ RunTime:0.000028s ]
[ info ] [ CACHE ] INIT File
[ info ] [ BEHAVIOR ] Run Closure @app_init [ RunTime:0.001787s ]
[ info ] [ LANG ] D:\phpStudy\WWW\vlusi_fastadmin\thinkphp\lang\zh-cn.php
[ info ] [ ROUTE ] array (
  'type' => 'module',
  'module' => 
  array (
    0 => 'admin',
    1 => 'dashboard',
    2 => NULL,
  ),
)
[ info ] [ HEADER ] array (
  'cookie' => 'keeplogin=1%7C86400%7C1540709555%7Cfc1e9212dfeb60b7046910f3ce5f4e07; Hm_lvt_f8d0a8c400404989e195270b0bbf060a=1540621803,1540705455,1540713385,1540899853; PHPSESSID=be8i433ijpv2721q90nojv3m20',
  'accept-language' => 'zh-CN,zh;q=0.9',
  'accept-encoding' => 'gzip, deflate, br',
  'referer' => 'http://localhost:8080/vlusi_fastadmin/public/admin/index/index',
  'accept' => 'text/html,application/xhtml+xml,application/xml;q=0.9,image/webp,image/apng,*/*;q=0.8',
  'user-agent' => 'Mozilla/5.0 (Windows NT 10.0; WOW64) AppleWebKit/537.36 (KHTML, like Gecko) Chrome/65.0.3325.181 Safari/537.36',
  'upgrade-insecure-requests' => '1',
  'connection' => 'close',
  'host' => 'localhost:8080',
)
[ info ] [ PARAM ] array (
  'addtabs' => '1',
)
[ info ] [ LANG ] D:\phpStudy\WWW\vlusi_fastadmin\public/../application/admin\lang\zh-cn.php
[ info ] [ BEHAVIOR ] Run app\common\behavior\Common @module_init [ RunTime:0.001643s ]
[ info ] [ SESSION ] INIT array (
  'id' => '',
  'var_session_id' => '',
  'prefix' => 'think',
  'type' => '',
  'auto_start' => true,
)
[ info ] [ DB ] INIT mysql
[ info ] [ LANG ] D:\phpStudy\WWW\vlusi_fastadmin\public/../application/admin/lang/zh-cn/dashboard.php
[ info ] [ RUN ] app\admin\controller\Dashboard->index[ D:\phpStudy\WWW\vlusi_fastadmin\application\admin\controller\Dashboard.php ]
[ info ] [ VIEW ] D:\phpStudy\WWW\vlusi_fastadmin\public/../application/admin\view\dashboard\index.html [ array (
  0 => 'breadcrumb',
  1 => 'site',
  2 => 'config',
  3 => 'auth',
  4 => 'admin',
  5 => 'totaluser',
  6 => 'totalviews',
  7 => 'totalorder',
  8 => 'totalorderamount',
  9 => 'todayuserlogin',
  10 => 'todayusersignup',
  11 => 'todayorder',
  12 => 'unsettleorder',
  13 => 'sevendnu',
  14 => 'sevendau',
  15 => 'paylist',
  16 => 'createlist',
  17 => 'addonversion',
  18 => 'uploadmode',
) ]
[ info ] [ BEHAVIOR ] Run app\admin\behavior\AdminLog @app_end [ RunTime:0.000527s ]
[ info ] [ LOG ] INIT File
[ sql ] [ DB ] CONNECT:[ UseTime:0.106165s ] mysql:host=47.96.179.77;dbname=vlusi_fastadmin;charset=utf8
[ sql ] [ SQL ] SHOW COLUMNS FROM `fa_auth_group_access` [ RunTime:0.066752s ]
[ sql ] [ SQL ] SELECT `aga`.`uid`,`aga`.`group_id`,`ag`.`id`,`ag`.`pid`,`ag`.`name`,`ag`.`rules` FROM `fa_auth_group_access` `aga` LEFT JOIN `fa_auth_group` `ag` ON `aga`.`group_id`=`ag`.`id` WHERE  (  aga.uid='1' and ag.status='normal' ) [ RunTime:0.061470s ]
[ sql ] [ SQL ] SHOW COLUMNS FROM `fa_auth_rule` [ RunTime:0.057121s ]
[ sql ] [ SQL ] SELECT `id`,`pid`,`condition`,`icon`,`name`,`title`,`ismenu` FROM `fa_auth_rule` WHERE  `status` = 'normal' [ RunTime:0.049579s ]
[ sql ] [ SQL ] SELECT `title`,`remark` FROM `fa_auth_rule` WHERE  `name` = 'dashboard' LIMIT 1 [ RunTime:0.071294s ]
---------------------------------------------------------------
[ 2018-11-02T20:49:01+08:00 ] 0.0.0.0 GET /vlusi_fastadmin/public/admin/ajax/lang?callback=define&controllername=dashboard&v=1541162940
[ info ] localhost:8080/vlusi_fastadmin/public/admin/ajax/lang?callback=define&controllername=dashboard&v=1541162940 [运行时间：0.036691s][吞吐率：27.25req/s] [内存消耗：2,340.10kb] [文件加载：69]
[ info ] [ BEHAVIOR ] Run Closure @app_init [ RunTime:0.000021s ]
[ info ] [ CACHE ] INIT File
[ info ] [ BEHAVIOR ] Run Closure @app_init [ RunTime:0.001133s ]
[ info ] [ LANG ] D:\phpStudy\WWW\vlusi_fastadmin\thinkphp\lang\zh-cn.php
[ info ] [ ROUTE ] array (
  'type' => 'module',
  'module' => 
  array (
    0 => 'admin',
    1 => 'ajax',
    2 => 'lang',
  ),
)
[ info ] [ HEADER ] array (
  'cookie' => 'keeplogin=1%7C86400%7C1540709555%7Cfc1e9212dfeb60b7046910f3ce5f4e07; Hm_lvt_f8d0a8c400404989e195270b0bbf060a=1540621803,1540705455,1540713385,1540899853; PHPSESSID=be8i433ijpv2721q90nojv3m20',
  'accept-language' => 'zh-CN,zh;q=0.9',
  'accept-encoding' => 'gzip, deflate, br',
  'referer' => 'http://localhost:8080/vlusi_fastadmin/public/admin/dashboard?addtabs=1',
  'accept' => '*/*',
  'user-agent' => 'Mozilla/5.0 (Windows NT 10.0; WOW64) AppleWebKit/537.36 (KHTML, like Gecko) Chrome/65.0.3325.181 Safari/537.36',
  'connection' => 'close',
  'host' => 'localhost:8080',
)
[ info ] [ PARAM ] array (
  'callback' => 'define',
  'controllername' => 'dashboard',
  'v' => '1541162940',
)
[ info ] [ LANG ] D:\phpStudy\WWW\vlusi_fastadmin\public/../application/admin\lang\zh-cn.php
[ info ] [ BEHAVIOR ] Run app\common\behavior\Common @module_init [ RunTime:0.001703s ]
[ info ] [ SESSION ] INIT array (
  'id' => '',
  'var_session_id' => '',
  'prefix' => 'think',
  'type' => '',
  'auto_start' => true,
)
[ info ] [ LANG ] D:\phpStudy\WWW\vlusi_fastadmin\public/../application/admin/lang/zh-cn/ajax.php
[ info ] [ RUN ] app\admin\controller\Ajax->lang[ D:\phpStudy\WWW\vlusi_fastadmin\application\admin\controller\Ajax.php ]
[ info ] [ LANG ] D:\phpStudy\WWW\vlusi_fastadmin\public/../application/admin/lang/zh-cn/dashboard.php
[ info ] [ BEHAVIOR ] Run app\admin\behavior\AdminLog @app_end [ RunTime:0.000503s ]
[ info ] [ LOG ] INIT File
---------------------------------------------------------------
[ 2018-11-02T20:49:01+08:00 ] 0.0.0.0 GET /vlusi_fastadmin/public/admin/ajax/lang?callback=define&controllername=index&v=1541162939
[ info ] localhost:8080/vlusi_fastadmin/public/admin/ajax/lang?callback=define&controllername=index&v=1541162939 [运行时间：0.031595s][吞吐率：31.65req/s] [内存消耗：2,341.65kb] [文件加载：69]
[ info ] [ BEHAVIOR ] Run Closure @app_init [ RunTime:0.000019s ]
[ info ] [ CACHE ] INIT File
[ info ] [ BEHAVIOR ] Run Closure @app_init [ RunTime:0.001113s ]
[ info ] [ LANG ] D:\phpStudy\WWW\vlusi_fastadmin\thinkphp\lang\zh-cn.php
[ info ] [ ROUTE ] array (
  'type' => 'module',
  'module' => 
  array (
    0 => 'admin',
    1 => 'ajax',
    2 => 'lang',
  ),
)
[ info ] [ HEADER ] array (
  'cookie' => 'keeplogin=1%7C86400%7C1540709555%7Cfc1e9212dfeb60b7046910f3ce5f4e07; Hm_lvt_f8d0a8c400404989e195270b0bbf060a=1540621803,1540705455,1540713385,1540899853; PHPSESSID=be8i433ijpv2721q90nojv3m20',
  'accept-language' => 'zh-CN,zh;q=0.9',
  'accept-encoding' => 'gzip, deflate, br',
  'referer' => 'http://localhost:8080/vlusi_fastadmin/public/admin/index/index',
  'accept' => '*/*',
  'user-agent' => 'Mozilla/5.0 (Windows NT 10.0; WOW64) AppleWebKit/537.36 (KHTML, like Gecko) Chrome/65.0.3325.181 Safari/537.36',
  'connection' => 'close',
  'host' => 'localhost:8080',
)
[ info ] [ PARAM ] array (
  'callback' => 'define',
  'controllername' => 'index',
  'v' => '1541162939',
)
[ info ] [ LANG ] D:\phpStudy\WWW\vlusi_fastadmin\public/../application/admin\lang\zh-cn.php
[ info ] [ BEHAVIOR ] Run app\common\behavior\Common @module_init [ RunTime:0.001517s ]
[ info ] [ SESSION ] INIT array (
  'id' => '',
  'var_session_id' => '',
  'prefix' => 'think',
  'type' => '',
  'auto_start' => true,
)
[ info ] [ LANG ] D:\phpStudy\WWW\vlusi_fastadmin\public/../application/admin/lang/zh-cn/ajax.php
[ info ] [ RUN ] app\admin\controller\Ajax->lang[ D:\phpStudy\WWW\vlusi_fastadmin\application\admin\controller\Ajax.php ]
[ info ] [ LANG ] D:\phpStudy\WWW\vlusi_fastadmin\public/../application/admin/lang/zh-cn/index.php
[ info ] [ BEHAVIOR ] Run app\admin\behavior\AdminLog @app_end [ RunTime:0.000388s ]
[ info ] [ LOG ] INIT File
---------------------------------------------------------------
[ 2018-11-02T20:49:04+08:00 ] 0.0.0.0 GET /vlusi_fastadmin/public/admin/information/information/information_list?addtabs=1
[ info ] localhost:8080/vlusi_fastadmin/public/admin/information/information/information_list?addtabs=1 [运行时间：0.438103s][吞吐率：2.28req/s] [内存消耗：3,080.66kb] [文件加载：76]
[ info ] [ BEHAVIOR ] Run Closure @app_init [ RunTime:0.000019s ]
[ info ] [ CACHE ] INIT File
[ info ] [ BEHAVIOR ] Run Closure @app_init [ RunTime:0.001110s ]
[ info ] [ LANG ] D:\phpStudy\WWW\vlusi_fastadmin\thinkphp\lang\zh-cn.php
[ info ] [ ROUTE ] array (
  'type' => 'module',
  'module' => 
  array (
    0 => 'admin',
    1 => 'information.information',
    2 => 'information_list',
  ),
)
[ info ] [ HEADER ] array (
  'cookie' => 'keeplogin=1%7C86400%7C1540709555%7Cfc1e9212dfeb60b7046910f3ce5f4e07; Hm_lvt_f8d0a8c400404989e195270b0bbf060a=1540621803,1540705455,1540713385,1540899853; PHPSESSID=be8i433ijpv2721q90nojv3m20',
  'accept-language' => 'zh-CN,zh;q=0.9',
  'accept-encoding' => 'gzip, deflate, br',
  'referer' => 'http://localhost:8080/vlusi_fastadmin/public/admin/information/information/information_list?ref=addtabs',
  'accept' => 'text/html,application/xhtml+xml,application/xml;q=0.9,image/webp,image/apng,*/*;q=0.8',
  'user-agent' => 'Mozilla/5.0 (Windows NT 10.0; WOW64) AppleWebKit/537.36 (KHTML, like Gecko) Chrome/65.0.3325.181 Safari/537.36',
  'upgrade-insecure-requests' => '1',
  'connection' => 'close',
  'host' => 'localhost:8080',
)
[ info ] [ PARAM ] array (
  'addtabs' => '1',
)
[ info ] [ LANG ] D:\phpStudy\WWW\vlusi_fastadmin\public/../application/admin\lang\zh-cn.php
[ info ] [ BEHAVIOR ] Run app\common\behavior\Common @module_init [ RunTime:0.001201s ]
[ info ] [ SESSION ] INIT array (
  'id' => '',
  'var_session_id' => '',
  'prefix' => 'think',
  'type' => '',
  'auto_start' => true,
)
[ info ] [ DB ] INIT mysql
[ info ] [ RUN ] app\admin\controller\information\Information->information_list[ D:\phpStudy\WWW\vlusi_fastadmin\application\admin\controller\information\Information.php ]
[ info ] [ VIEW ] D:\phpStudy\WWW\vlusi_fastadmin\public/../application/admin\view\information\information\information_list.html [ array (
  0 => 'breadcrumb',
  1 => 'site',
  2 => 'config',
  3 => 'auth',
  4 => 'admin',
) ]
[ info ] [ BEHAVIOR ] Run app\admin\behavior\AdminLog @app_end [ RunTime:0.000568s ]
[ info ] [ LOG ] INIT File
[ sql ] [ DB ] CONNECT:[ UseTime:0.069095s ] mysql:host=47.96.179.77;dbname=vlusi_fastadmin;charset=utf8
[ sql ] [ SQL ] SHOW COLUMNS FROM `fa_auth_group_access` [ RunTime:0.042236s ]
[ sql ] [ SQL ] SELECT `aga`.`uid`,`aga`.`group_id`,`ag`.`id`,`ag`.`pid`,`ag`.`name`,`ag`.`rules` FROM `fa_auth_group_access` `aga` LEFT JOIN `fa_auth_group` `ag` ON `aga`.`group_id`=`ag`.`id` WHERE  (  aga.uid='1' and ag.status='normal' ) [ RunTime:0.040069s ]
[ sql ] [ SQL ] SHOW COLUMNS FROM `fa_auth_rule` [ RunTime:0.057017s ]
[ sql ] [ SQL ] SELECT `id`,`pid`,`condition`,`icon`,`name`,`title`,`ismenu` FROM `fa_auth_rule` WHERE  `status` = 'normal' [ RunTime:0.055897s ]
[ sql ] [ SQL ] SELECT `title`,`remark` FROM `fa_auth_rule` WHERE  `name` = 'information/information/information_list' LIMIT 1 [ RunTime:0.059810s ]
---------------------------------------------------------------
[ 2018-11-02T20:49:04+08:00 ] 0.0.0.0 GET /vlusi_fastadmin/public/admin/ajax/lang?callback=define&controllername=information.information&v=1541162943
[ info ] localhost:8080/vlusi_fastadmin/public/admin/ajax/lang?callback=define&controllername=information.information&v=1541162943 [运行时间：0.043134s][吞吐率：23.18req/s] [内存消耗：2,337.57kb] [文件加载：68]
[ info ] [ BEHAVIOR ] Run Closure @app_init [ RunTime:0.000036s ]
[ info ] [ CACHE ] INIT File
[ info ] [ BEHAVIOR ] Run Closure @app_init [ RunTime:0.001846s ]
[ info ] [ LANG ] D:\phpStudy\WWW\vlusi_fastadmin\thinkphp\lang\zh-cn.php
[ info ] [ ROUTE ] array (
  'type' => 'module',
  'module' => 
  array (
    0 => 'admin',
    1 => 'ajax',
    2 => 'lang',
  ),
)
[ info ] [ HEADER ] array (
  'cookie' => 'keeplogin=1%7C86400%7C1540709555%7Cfc1e9212dfeb60b7046910f3ce5f4e07; Hm_lvt_f8d0a8c400404989e195270b0bbf060a=1540621803,1540705455,1540713385,1540899853; PHPSESSID=be8i433ijpv2721q90nojv3m20',
  'accept-language' => 'zh-CN,zh;q=0.9',
  'accept-encoding' => 'gzip, deflate, br',
  'referer' => 'http://localhost:8080/vlusi_fastadmin/public/admin/information/information/information_list?addtabs=1',
  'accept' => '*/*',
  'user-agent' => 'Mozilla/5.0 (Windows NT 10.0; WOW64) AppleWebKit/537.36 (KHTML, like Gecko) Chrome/65.0.3325.181 Safari/537.36',
  'connection' => 'close',
  'host' => 'localhost:8080',
)
[ info ] [ PARAM ] array (
  'callback' => 'define',
  'controllername' => 'information.information',
  'v' => '1541162943',
)
[ info ] [ LANG ] D:\phpStudy\WWW\vlusi_fastadmin\public/../application/admin\lang\zh-cn.php
[ info ] [ BEHAVIOR ] Run app\common\behavior\Common @module_init [ RunTime:0.002260s ]
[ info ] [ SESSION ] INIT array (
  'id' => '',
  'var_session_id' => '',
  'prefix' => 'think',
  'type' => '',
  'auto_start' => true,
)
[ info ] [ LANG ] D:\phpStudy\WWW\vlusi_fastadmin\public/../application/admin/lang/zh-cn/ajax.php
[ info ] [ RUN ] app\admin\controller\Ajax->lang[ D:\phpStudy\WWW\vlusi_fastadmin\application\admin\controller\Ajax.php ]
[ info ] [ BEHAVIOR ] Run app\admin\behavior\AdminLog @app_end [ RunTime:0.000409s ]
[ info ] [ LOG ] INIT File
---------------------------------------------------------------
[ 2018-11-02T20:49:04+08:00 ] 0.0.0.0 GET /vlusi_fastadmin/public/assets/js/backend/information/information.js?v=1541162943
[ info ] localhost:8080/vlusi_fastadmin/public/assets/js/backend/information/information.js?v=1541162943 [运行时间：0.122661s][吞吐率：8.15req/s] [内存消耗：1,387.04kb] [文件加载：48]
[ info ] [ BEHAVIOR ] Run Closure @app_init [ RunTime:0.000020s ]
[ info ] [ CACHE ] INIT File
[ info ] [ BEHAVIOR ] Run Closure @app_init [ RunTime:0.001113s ]
[ info ] [ LANG ] D:\phpStudy\WWW\vlusi_fastadmin\thinkphp\lang\zh-cn.php
[ info ] [ ROUTE ] array (
  'type' => 'module',
  'module' => 
  array (
    0 => 'assets',
    1 => 'js',
    2 => 'backend',
  ),
)
[ info ] [ HEADER ] array (
  'cookie' => 'keeplogin=1%7C86400%7C1540709555%7Cfc1e9212dfeb60b7046910f3ce5f4e07; Hm_lvt_f8d0a8c400404989e195270b0bbf060a=1540621803,1540705455,1540713385,1540899853; PHPSESSID=be8i433ijpv2721q90nojv3m20',
  'accept-language' => 'zh-CN,zh;q=0.9',
  'accept-encoding' => 'gzip, deflate, br',
  'referer' => 'http://localhost:8080/vlusi_fastadmin/public/admin/information/information/information_list?addtabs=1',
  'accept' => '*/*',
  'user-agent' => 'Mozilla/5.0 (Windows NT 10.0; WOW64) AppleWebKit/537.36 (KHTML, like Gecko) Chrome/65.0.3325.181 Safari/537.36',
  'connection' => 'close',
  'host' => 'localhost:8080',
)
[ info ] [ PARAM ] array (
  'v' => '1541162943',
  'information' => 'information.js',
)
[ info ] [ LOG ] INIT File
---------------------------------------------------------------
[ 2018-11-02T20:49:05+08:00 ] 0.0.0.0 GET /vlusi_fastadmin/public/admin/information/information/comment_list?addtabs=1
[ info ] localhost:8080/vlusi_fastadmin/public/admin/information/information/comment_list?addtabs=1 [运行时间：0.287274s][吞吐率：3.48req/s] [内存消耗：3,089.79kb] [文件加载：75]
[ info ] [ BEHAVIOR ] Run Closure @app_init [ RunTime:0.000021s ]
[ info ] [ CACHE ] INIT File
[ info ] [ BEHAVIOR ] Run Closure @app_init [ RunTime:0.001115s ]
[ info ] [ LANG ] D:\phpStudy\WWW\vlusi_fastadmin\thinkphp\lang\zh-cn.php
[ info ] [ ROUTE ] array (
  'type' => 'module',
  'module' => 
  array (
    0 => 'admin',
    1 => 'information.information',
    2 => 'comment_list',
  ),
)
[ info ] [ HEADER ] array (
  'cookie' => 'keeplogin=1%7C86400%7C1540709555%7Cfc1e9212dfeb60b7046910f3ce5f4e07; Hm_lvt_f8d0a8c400404989e195270b0bbf060a=1540621803,1540705455,1540713385,1540899853; PHPSESSID=be8i433ijpv2721q90nojv3m20',
  'accept-language' => 'zh-CN,zh;q=0.9',
  'accept-encoding' => 'gzip, deflate, br',
  'referer' => 'http://localhost:8080/vlusi_fastadmin/public/admin/information/information/comment_list?ref=addtabs',
  'accept' => 'text/html,application/xhtml+xml,application/xml;q=0.9,image/webp,image/apng,*/*;q=0.8',
  'user-agent' => 'Mozilla/5.0 (Windows NT 10.0; WOW64) AppleWebKit/537.36 (KHTML, like Gecko) Chrome/65.0.3325.181 Safari/537.36',
  'upgrade-insecure-requests' => '1',
  'connection' => 'close',
  'host' => 'localhost:8080',
)
[ info ] [ PARAM ] array (
  'addtabs' => '1',
)
[ info ] [ LANG ] D:\phpStudy\WWW\vlusi_fastadmin\public/../application/admin\lang\zh-cn.php
[ info ] [ BEHAVIOR ] Run app\common\behavior\Common @module_init [ RunTime:0.001283s ]
[ info ] [ SESSION ] INIT array (
  'id' => '',
  'var_session_id' => '',
  'prefix' => 'think',
  'type' => '',
  'auto_start' => true,
)
[ info ] [ DB ] INIT mysql
[ info ] [ RUN ] app\admin\controller\information\Information->comment_list[ D:\phpStudy\WWW\vlusi_fastadmin\application\admin\controller\information\Information.php ]
[ info ] [ BEHAVIOR ] Run app\admin\behavior\AdminLog @app_end [ RunTime:0.000520s ]
[ info ] [ LOG ] INIT File
[ sql ] [ DB ] CONNECT:[ UseTime:0.059758s ] mysql:host=47.96.179.77;dbname=vlusi_fastadmin;charset=utf8
[ sql ] [ SQL ] SHOW COLUMNS FROM `fa_auth_group_access` [ RunTime:0.043205s ]
[ sql ] [ SQL ] SELECT `aga`.`uid`,`aga`.`group_id`,`ag`.`id`,`ag`.`pid`,`ag`.`name`,`ag`.`rules` FROM `fa_auth_group_access` `aga` LEFT JOIN `fa_auth_group` `ag` ON `aga`.`group_id`=`ag`.`id` WHERE  (  aga.uid='1' and ag.status='normal' ) [ RunTime:0.050870s ]
[ sql ] [ SQL ] SHOW COLUMNS FROM `fa_auth_rule` [ RunTime:0.050013s ]
[ sql ] [ SQL ] SELECT `id`,`pid`,`condition`,`icon`,`name`,`title`,`ismenu` FROM `fa_auth_rule` WHERE  `status` = 'normal' [ RunTime:0.042473s ]
---------------------------------------------------------------
[ 2018-11-02T20:49:15+08:00 ] 0.0.0.0 GET /vlusi_fastadmin/public/admin/course/course/course_list?addtabs=1
[ info ] localhost:8080/vlusi_fastadmin/public/admin/course/course/course_list?addtabs=1 [运行时间：0.373335s][吞吐率：2.68req/s] [内存消耗：3,082.44kb] [文件加载：74]
[ info ] [ BEHAVIOR ] Run Closure @app_init [ RunTime:0.000026s ]
[ info ] [ CACHE ] INIT File
[ info ] [ BEHAVIOR ] Run Closure @app_init [ RunTime:0.001145s ]
[ info ] [ LANG ] D:\phpStudy\WWW\vlusi_fastadmin\thinkphp\lang\zh-cn.php
[ info ] [ ROUTE ] array (
  'type' => 'module',
  'module' => 
  array (
    0 => 'admin',
    1 => 'course.course',
    2 => 'course_list',
  ),
)
[ info ] [ HEADER ] array (
  'cookie' => 'keeplogin=1%7C86400%7C1540709555%7Cfc1e9212dfeb60b7046910f3ce5f4e07; Hm_lvt_f8d0a8c400404989e195270b0bbf060a=1540621803,1540705455,1540713385,1540899853; PHPSESSID=be8i433ijpv2721q90nojv3m20',
  'accept-language' => 'zh-CN,zh;q=0.9',
  'accept-encoding' => 'gzip, deflate, br',
  'referer' => 'http://localhost:8080/vlusi_fastadmin/public/admin/course/course/course_list?ref=addtabs',
  'accept' => 'text/html,application/xhtml+xml,application/xml;q=0.9,image/webp,image/apng,*/*;q=0.8',
  'user-agent' => 'Mozilla/5.0 (Windows NT 10.0; WOW64) AppleWebKit/537.36 (KHTML, like Gecko) Chrome/65.0.3325.181 Safari/537.36',
  'upgrade-insecure-requests' => '1',
  'connection' => 'close',
  'host' => 'localhost:8080',
)
[ info ] [ PARAM ] array (
  'addtabs' => '1',
)
[ info ] [ LANG ] D:\phpStudy\WWW\vlusi_fastadmin\public/../application/admin\lang\zh-cn.php
[ info ] [ BEHAVIOR ] Run app\common\behavior\Common @module_init [ RunTime:0.002101s ]
[ info ] [ SESSION ] INIT array (
  'id' => '',
  'var_session_id' => '',
  'prefix' => 'think',
  'type' => '',
  'auto_start' => true,
)
[ info ] [ DB ] INIT mysql
[ info ] [ RUN ] app\admin\controller\course\Course->course_list[ D:\phpStudy\WWW\vlusi_fastadmin\application\admin\controller\course\Course.php ]
[ info ] [ BEHAVIOR ] Run app\admin\behavior\AdminLog @app_end [ RunTime:0.000513s ]
[ info ] [ LOG ] INIT File
[ sql ] [ DB ] CONNECT:[ UseTime:0.085269s ] mysql:host=47.96.179.77;dbname=vlusi_fastadmin;charset=utf8
[ sql ] [ SQL ] SHOW COLUMNS FROM `fa_auth_group_access` [ RunTime:0.050391s ]
[ sql ] [ SQL ] SELECT `aga`.`uid`,`aga`.`group_id`,`ag`.`id`,`ag`.`pid`,`ag`.`name`,`ag`.`rules` FROM `fa_auth_group_access` `aga` LEFT JOIN `fa_auth_group` `ag` ON `aga`.`group_id`=`ag`.`id` WHERE  (  aga.uid='1' and ag.status='normal' ) [ RunTime:0.049191s ]
[ sql ] [ SQL ] SHOW COLUMNS FROM `fa_auth_rule` [ RunTime:0.043858s ]
[ sql ] [ SQL ] SELECT `id`,`pid`,`condition`,`icon`,`name`,`title`,`ismenu` FROM `fa_auth_rule` WHERE  `status` = 'normal' [ RunTime:0.065719s ]
---------------------------------------------------------------
[ 2018-11-02T20:49:16+08:00 ] 0.0.0.0 GET /vlusi_fastadmin/public/admin/course/course/comment_list?addtabs=1
[ info ] localhost:8080/vlusi_fastadmin/public/admin/course/course/comment_list?addtabs=1 [运行时间：0.276451s][吞吐率：3.62req/s] [内存消耗：3,082.45kb] [文件加载：74]
[ info ] [ BEHAVIOR ] Run Closure @app_init [ RunTime:0.000026s ]
[ info ] [ CACHE ] INIT File
[ info ] [ BEHAVIOR ] Run Closure @app_init [ RunTime:0.001300s ]
[ info ] [ LANG ] D:\phpStudy\WWW\vlusi_fastadmin\thinkphp\lang\zh-cn.php
[ info ] [ ROUTE ] array (
  'type' => 'module',
  'module' => 
  array (
    0 => 'admin',
    1 => 'course.course',
    2 => 'comment_list',
  ),
)
[ info ] [ HEADER ] array (
  'cookie' => 'keeplogin=1%7C86400%7C1540709555%7Cfc1e9212dfeb60b7046910f3ce5f4e07; Hm_lvt_f8d0a8c400404989e195270b0bbf060a=1540621803,1540705455,1540713385,1540899853; PHPSESSID=be8i433ijpv2721q90nojv3m20',
  'accept-language' => 'zh-CN,zh;q=0.9',
  'accept-encoding' => 'gzip, deflate, br',
  'referer' => 'http://localhost:8080/vlusi_fastadmin/public/admin/course/course/comment_list?ref=addtabs',
  'accept' => 'text/html,application/xhtml+xml,application/xml;q=0.9,image/webp,image/apng,*/*;q=0.8',
  'user-agent' => 'Mozilla/5.0 (Windows NT 10.0; WOW64) AppleWebKit/537.36 (KHTML, like Gecko) Chrome/65.0.3325.181 Safari/537.36',
  'upgrade-insecure-requests' => '1',
  'connection' => 'close',
  'host' => 'localhost:8080',
)
[ info ] [ PARAM ] array (
  'addtabs' => '1',
)
[ info ] [ LANG ] D:\phpStudy\WWW\vlusi_fastadmin\public/../application/admin\lang\zh-cn.php
[ info ] [ BEHAVIOR ] Run app\common\behavior\Common @module_init [ RunTime:0.001791s ]
[ info ] [ SESSION ] INIT array (
  'id' => '',
  'var_session_id' => '',
  'prefix' => 'think',
  'type' => '',
  'auto_start' => true,
)
[ info ] [ DB ] INIT mysql
[ info ] [ RUN ] app\admin\controller\course\Course->comment_list[ D:\phpStudy\WWW\vlusi_fastadmin\application\admin\controller\course\Course.php ]
[ info ] [ BEHAVIOR ] Run app\admin\behavior\AdminLog @app_end [ RunTime:0.000502s ]
[ info ] [ LOG ] INIT File
[ sql ] [ DB ] CONNECT:[ UseTime:0.060993s ] mysql:host=47.96.179.77;dbname=vlusi_fastadmin;charset=utf8
[ sql ] [ SQL ] SHOW COLUMNS FROM `fa_auth_group_access` [ RunTime:0.042416s ]
[ sql ] [ SQL ] SELECT `aga`.`uid`,`aga`.`group_id`,`ag`.`id`,`ag`.`pid`,`ag`.`name`,`ag`.`rules` FROM `fa_auth_group_access` `aga` LEFT JOIN `fa_auth_group` `ag` ON `aga`.`group_id`=`ag`.`id` WHERE  (  aga.uid='1' and ag.status='normal' ) [ RunTime:0.041962s ]
[ sql ] [ SQL ] SHOW COLUMNS FROM `fa_auth_rule` [ RunTime:0.041442s ]
[ sql ] [ SQL ] SELECT `id`,`pid`,`condition`,`icon`,`name`,`title`,`ismenu` FROM `fa_auth_rule` WHERE  `status` = 'normal' [ RunTime:0.041474s ]
