---------------------------------------------------------------
[ 2018-11-03T13:55:18+08:00 ] 0.0.0.0 GET /vlusi_fastadmin/public/admin/dashboard?ref=addtabs
[ info ] localhost:8080/vlusi_fastadmin/public/admin/dashboard?ref=addtabs [运行时间：0.735609s][吞吐率：1.36req/s] [内存消耗：2,077.83kb] [文件加载：66]
[ info ] [ BEHAVIOR ] Run Closure @app_init [ RunTime:0.025964s ]
[ info ] [ CACHE ] INIT File
[ info ] [ BEHAVIOR ] Run Closure @app_init [ RunTime:0.019392s ]
[ info ] [ LANG ] D:\phpStudy\WWW\vlusi_fastadmin\thinkphp\lang\zh-cn.php
[ info ] [ ROUTE ] array (
  'type' => 'module',
  'module' => 
  array (
    0 => 'admin',
    1 => 'dashboard',
    2 => NULL,
  ),
)
[ info ] [ HEADER ] array (
  'cookie' => 'keeplogin=1%7C86400%7C1540709555%7Cfc1e9212dfeb60b7046910f3ce5f4e07; Hm_lvt_f8d0a8c400404989e195270b0bbf060a=1540621803,1540705455,1540713385,1540899853',
  'accept-language' => 'zh-CN,zh;q=0.9',
  'accept-encoding' => 'gzip, deflate, br',
  'accept' => 'text/html,application/xhtml+xml,application/xml;q=0.9,image/webp,image/apng,*/*;q=0.8',
  'user-agent' => 'Mozilla/5.0 (Windows NT 10.0; WOW64) AppleWebKit/537.36 (KHTML, like Gecko) Chrome/65.0.3325.181 Safari/537.36',
  'upgrade-insecure-requests' => '1',
  'connection' => 'close',
  'host' => 'localhost:8080',
)
[ info ] [ PARAM ] array (
  'ref' => 'addtabs',
)
[ info ] [ LANG ] D:\phpStudy\WWW\vlusi_fastadmin\public/../application/admin\lang\zh-cn.php
[ info ] [ BEHAVIOR ] Run app\common\behavior\Common @module_init [ RunTime:0.017013s ]
[ info ] [ SESSION ] INIT array (
  'id' => '',
  'var_session_id' => '',
  'prefix' => 'think',
  'type' => '',
  'auto_start' => true,
)
[ info ] [ VIEW ] D:\phpStudy\WWW\vlusi_fastadmin\public/../application/common\view\tpl\dispatch_jump.tpl [ array (
  0 => 'code',
  1 => 'msg',
  2 => 'data',
  3 => 'url',
  4 => 'wait',
) ]
[ info ] [ BEHAVIOR ] Run app\admin\behavior\AdminLog @app_end [ RunTime:0.000691s ]
[ info ] [ LOG ] INIT File
---------------------------------------------------------------
[ 2018-11-03T13:55:20+08:00 ] 0.0.0.0 GET /vlusi_fastadmin/public/admin/index/login?url=%2Fvlusi_fastadmin%2Fpublic%2Fadmin%2Fdashboard%3Fref%3Daddtabs
[ info ] localhost:8080/vlusi_fastadmin/public/admin/index/login?url=%2Fvlusi_fastadmin%2Fpublic%2Fadmin%2Fdashboard%3Fref%3Daddtabs [运行时间：0.154463s][吞吐率：6.47req/s] [内存消耗：2,338.56kb] [文件加载：69]
[ info ] [ BEHAVIOR ] Run Closure @app_init [ RunTime:0.000031s ]
[ info ] [ CACHE ] INIT File
[ info ] [ BEHAVIOR ] Run Closure @app_init [ RunTime:0.001930s ]
[ info ] [ LANG ] D:\phpStudy\WWW\vlusi_fastadmin\thinkphp\lang\zh-cn.php
[ info ] [ ROUTE ] array (
  'type' => 'module',
  'module' => 
  array (
    0 => 'admin',
    1 => 'index',
    2 => 'login',
  ),
)
[ info ] [ HEADER ] array (
  'cookie' => 'keeplogin=1%7C86400%7C1540709555%7Cfc1e9212dfeb60b7046910f3ce5f4e07; Hm_lvt_f8d0a8c400404989e195270b0bbf060a=1540621803,1540705455,1540713385,1540899853; PHPSESSID=aidieb0qu1r4173ghknrhu87p6',
  'accept-language' => 'zh-CN,zh;q=0.9',
  'accept-encoding' => 'gzip, deflate, br',
  'referer' => 'http://localhost:8080/vlusi_fastadmin/public/admin/dashboard?ref=addtabs',
  'accept' => 'text/html,application/xhtml+xml,application/xml;q=0.9,image/webp,image/apng,*/*;q=0.8',
  'user-agent' => 'Mozilla/5.0 (Windows NT 10.0; WOW64) AppleWebKit/537.36 (KHTML, like Gecko) Chrome/65.0.3325.181 Safari/537.36',
  'upgrade-insecure-requests' => '1',
  'connection' => 'close',
  'host' => 'localhost:8080',
)
[ info ] [ PARAM ] array (
  'url' => '/vlusi_fastadmin/public/admin/dashboard?ref=addtabs',
)
[ info ] [ LANG ] D:\phpStudy\WWW\vlusi_fastadmin\public/../application/admin\lang\zh-cn.php
[ info ] [ BEHAVIOR ] Run app\common\behavior\Common @module_init [ RunTime:0.001679s ]
[ info ] [ SESSION ] INIT array (
  'id' => '',
  'var_session_id' => '',
  'prefix' => 'think',
  'type' => '',
  'auto_start' => true,
)
[ info ] [ LANG ] D:\phpStudy\WWW\vlusi_fastadmin\public/../application/admin/lang/zh-cn/index.php
[ info ] [ RUN ] app\admin\controller\Index->login[ D:\phpStudy\WWW\vlusi_fastadmin\application\admin\controller\Index.php ]
[ info ] [ VIEW ] D:\phpStudy\WWW\vlusi_fastadmin\public/../application/admin\view\index\login.html [ array (
  0 => 'breadcrumb',
  1 => 'site',
  2 => 'config',
  3 => 'auth',
  4 => 'admin',
  5 => 'background',
  6 => 'title',
) ]
[ info ] [ BEHAVIOR ] Run app\admin\behavior\AdminLog @app_end [ RunTime:0.000468s ]
[ info ] [ LOG ] INIT File
---------------------------------------------------------------
[ 2018-11-03T13:55:21+08:00 ] 0.0.0.0 GET /vlusi_fastadmin/public/admin/ajax/lang?callback=define&controllername=index&v=1541224520
[ info ] localhost:8080/vlusi_fastadmin/public/admin/ajax/lang?callback=define&controllername=index&v=1541224520 [运行时间：0.219629s][吞吐率：4.55req/s] [内存消耗：2,340.31kb] [文件加载：69]
[ info ] [ BEHAVIOR ] Run Closure @app_init [ RunTime:0.000019s ]
[ info ] [ CACHE ] INIT File
[ info ] [ BEHAVIOR ] Run Closure @app_init [ RunTime:0.001345s ]
[ info ] [ LANG ] D:\phpStudy\WWW\vlusi_fastadmin\thinkphp\lang\zh-cn.php
[ info ] [ ROUTE ] array (
  'type' => 'module',
  'module' => 
  array (
    0 => 'admin',
    1 => 'ajax',
    2 => 'lang',
  ),
)
[ info ] [ HEADER ] array (
  'cookie' => 'keeplogin=1%7C86400%7C1540709555%7Cfc1e9212dfeb60b7046910f3ce5f4e07; Hm_lvt_f8d0a8c400404989e195270b0bbf060a=1540621803,1540705455,1540713385,1540899853; PHPSESSID=aidieb0qu1r4173ghknrhu87p6',
  'accept-language' => 'zh-CN,zh;q=0.9',
  'accept-encoding' => 'gzip, deflate, br',
  'referer' => 'http://localhost:8080/vlusi_fastadmin/public/admin/index/login?url=%2Fvlusi_fastadmin%2Fpublic%2Fadmin%2Fdashboard%3Fref%3Daddtabs',
  'accept' => '*/*',
  'user-agent' => 'Mozilla/5.0 (Windows NT 10.0; WOW64) AppleWebKit/537.36 (KHTML, like Gecko) Chrome/65.0.3325.181 Safari/537.36',
  'connection' => 'close',
  'host' => 'localhost:8080',
)
[ info ] [ PARAM ] array (
  'callback' => 'define',
  'controllername' => 'index',
  'v' => '1541224520',
)
[ info ] [ LANG ] D:\phpStudy\WWW\vlusi_fastadmin\public/../application/admin\lang\zh-cn.php
[ info ] [ BEHAVIOR ] Run app\common\behavior\Common @module_init [ RunTime:0.001232s ]
[ info ] [ SESSION ] INIT array (
  'id' => '',
  'var_session_id' => '',
  'prefix' => 'think',
  'type' => '',
  'auto_start' => true,
)
[ info ] [ LANG ] D:\phpStudy\WWW\vlusi_fastadmin\public/../application/admin/lang/zh-cn/ajax.php
[ info ] [ RUN ] app\admin\controller\Ajax->lang[ D:\phpStudy\WWW\vlusi_fastadmin\application\admin\controller\Ajax.php ]
[ info ] [ LANG ] D:\phpStudy\WWW\vlusi_fastadmin\public/../application/admin/lang/zh-cn/index.php
[ info ] [ BEHAVIOR ] Run app\admin\behavior\AdminLog @app_end [ RunTime:0.000680s ]
[ info ] [ LOG ] INIT File
---------------------------------------------------------------
[ 2018-11-03T13:55:22+08:00 ] 0.0.0.0 POST /vlusi_fastadmin/public/admin/index/login?url=%2Fvlusi_fastadmin%2Fpublic%2Fadmin%2Fdashboard%3Fref%3Daddtabs
[ info ] localhost:8080/vlusi_fastadmin/public/admin/index/login?url=%2Fvlusi_fastadmin%2Fpublic%2Fadmin%2Fdashboard%3Fref%3Daddtabs [运行时间：1.035346s][吞吐率：0.97req/s] [内存消耗：2,979.50kb] [文件加载：78]
[ info ] [ BEHAVIOR ] Run Closure @app_init [ RunTime:0.000019s ]
[ info ] [ CACHE ] INIT File
[ info ] [ BEHAVIOR ] Run Closure @app_init [ RunTime:0.001971s ]
[ info ] [ LANG ] D:\phpStudy\WWW\vlusi_fastadmin\thinkphp\lang\zh-cn.php
[ info ] [ ROUTE ] array (
  'type' => 'module',
  'module' => 
  array (
    0 => 'admin',
    1 => 'index',
    2 => 'login',
  ),
)
[ info ] [ HEADER ] array (
  'cookie' => 'keeplogin=1%7C86400%7C1540709555%7Cfc1e9212dfeb60b7046910f3ce5f4e07; Hm_lvt_f8d0a8c400404989e195270b0bbf060a=1540621803,1540705455,1540713385,1540899853; PHPSESSID=aidieb0qu1r4173ghknrhu87p6',
  'accept-language' => 'zh-CN,zh;q=0.9',
  'accept-encoding' => 'gzip, deflate, br',
  'referer' => 'http://localhost:8080/vlusi_fastadmin/public/admin/index/login?url=%2Fvlusi_fastadmin%2Fpublic%2Fadmin%2Fdashboard%3Fref%3Daddtabs',
  'content-type' => 'application/x-www-form-urlencoded; charset=UTF-8',
  'user-agent' => 'Mozilla/5.0 (Windows NT 10.0; WOW64) AppleWebKit/537.36 (KHTML, like Gecko) Chrome/65.0.3325.181 Safari/537.36',
  'x-requested-with' => 'XMLHttpRequest',
  'origin' => 'http://localhost:8080',
  'accept' => 'application/json, text/javascript, */*; q=0.01',
  'content-length' => '75',
  'connection' => 'close',
  'host' => 'localhost:8080',
)
[ info ] [ PARAM ] array (
  'url' => '/vlusi_fastadmin/public/admin/dashboard?ref=addtabs',
  '__token__' => 'e500e62cda6f63ecc9f04ac3e2635f08',
  'username' => 'admin',
  'password' => 'admin123',
)
[ info ] [ LANG ] D:\phpStudy\WWW\vlusi_fastadmin\public/../application/admin\lang\zh-cn.php
[ info ] [ BEHAVIOR ] Run app\common\behavior\Common @module_init [ RunTime:0.001329s ]
[ info ] [ SESSION ] INIT array (
  'id' => '',
  'var_session_id' => '',
  'prefix' => 'think',
  'type' => '',
  'auto_start' => true,
)
[ info ] [ LANG ] D:\phpStudy\WWW\vlusi_fastadmin\public/../application/admin/lang/zh-cn/index.php
[ info ] [ RUN ] app\admin\controller\Index->login[ D:\phpStudy\WWW\vlusi_fastadmin\application\admin\controller\Index.php ]
[ info ] [ DB ] INIT mysql
[ info ] [ BEHAVIOR ] Run app\admin\behavior\AdminLog @app_end [ RunTime:0.109849s ]
[ info ] [ LOG ] INIT File
[ sql ] [ DB ] CONNECT:[ UseTime:0.236974s ] mysql:host=47.96.179.77;dbname=vlusi_fastadmin;charset=utf8
[ sql ] [ SQL ] SHOW COLUMNS FROM `fa_admin` [ RunTime:0.248815s ]
[ sql ] [ SQL ] SELECT * FROM `fa_admin` WHERE  `username` = 'admin' LIMIT 1 [ RunTime:0.049283s ]
[ sql ] [ SQL ] UPDATE `fa_admin`  SET `logintime`=1541224522,`token`='256420e8-84ef-493f-b80d-511b5b7b1397',`updatetime`=1541224522  WHERE  `id` = 1 [ RunTime:0.226795s ]
[ sql ] [ SQL ] SHOW COLUMNS FROM `fa_admin_log` [ RunTime:0.062413s ]
[ sql ] [ SQL ] INSERT INTO `fa_admin_log` (`title` , `content` , `url` , `admin_id` , `username` , `useragent` , `ip` , `createtime`) VALUES ('登录' , '{\"url\":\"\\/vlusi_fastadmin\\/public\\/admin\\/dashboard?ref=addtabs\",\"__token__\":\"e500e62cda6f63ecc9f04ac3e2635f08\",\"username\":\"admin\"}' , '/vlusi_fastadmin/public/admin/index/login?url=%2Fvlusi_fastadmin%2Fpublic%2Fadmin%2Fdashboard%3Fref%3Daddtabs' , 1 , 'admin' , 'Mozilla/5.0 (Windows NT 10.0; WOW64) AppleWebKit/537.36 (KHTML, like Gecko) Chrome/65.0.3325.181 Safari/537.36' , '0.0.0.0' , 1541224522) [ RunTime:0.046547s ]
---------------------------------------------------------------
[ 2018-11-03T13:55:25+08:00 ] 0.0.0.0 GET /vlusi_fastadmin/public/admin/dashboard?ref=addtabs
[ info ] localhost:8080/vlusi_fastadmin/public/admin/dashboard?ref=addtabs [运行时间：2.236239s][吞吐率：0.45req/s] [内存消耗：2,736.58kb] [文件加载：73]
[ info ] [ BEHAVIOR ] Run Closure @app_init [ RunTime:0.000022s ]
[ info ] [ CACHE ] INIT File
[ info ] [ BEHAVIOR ] Run Closure @app_init [ RunTime:0.001253s ]
[ info ] [ LANG ] D:\phpStudy\WWW\vlusi_fastadmin\thinkphp\lang\zh-cn.php
[ info ] [ ROUTE ] array (
  'type' => 'module',
  'module' => 
  array (
    0 => 'admin',
    1 => 'dashboard',
    2 => NULL,
  ),
)
[ info ] [ HEADER ] array (
  'cookie' => 'keeplogin=1%7C86400%7C1540709555%7Cfc1e9212dfeb60b7046910f3ce5f4e07; Hm_lvt_f8d0a8c400404989e195270b0bbf060a=1540621803,1540705455,1540713385,1540899853; PHPSESSID=aidieb0qu1r4173ghknrhu87p6',
  'accept-language' => 'zh-CN,zh;q=0.9',
  'accept-encoding' => 'gzip, deflate, br',
  'referer' => 'http://localhost:8080/vlusi_fastadmin/public/admin/index/login?url=%2Fvlusi_fastadmin%2Fpublic%2Fadmin%2Fdashboard%3Fref%3Daddtabs',
  'accept' => 'text/html,application/xhtml+xml,application/xml;q=0.9,image/webp,image/apng,*/*;q=0.8',
  'user-agent' => 'Mozilla/5.0 (Windows NT 10.0; WOW64) AppleWebKit/537.36 (KHTML, like Gecko) Chrome/65.0.3325.181 Safari/537.36',
  'upgrade-insecure-requests' => '1',
  'connection' => 'close',
  'host' => 'localhost:8080',
)
[ info ] [ PARAM ] array (
  'ref' => 'addtabs',
)
[ info ] [ LANG ] D:\phpStudy\WWW\vlusi_fastadmin\public/../application/admin\lang\zh-cn.php
[ info ] [ BEHAVIOR ] Run app\common\behavior\Common @module_init [ RunTime:0.001917s ]
[ info ] [ SESSION ] INIT array (
  'id' => '',
  'var_session_id' => '',
  'prefix' => 'think',
  'type' => '',
  'auto_start' => true,
)
[ info ] [ DB ] INIT mysql
[ info ] [ BEHAVIOR ] Run app\admin\behavior\AdminLog @app_end [ RunTime:0.000446s ]
[ info ] [ LOG ] INIT File
[ sql ] [ DB ] CONNECT:[ UseTime:0.065801s ] mysql:host=47.96.179.77;dbname=vlusi_fastadmin;charset=utf8
[ sql ] [ SQL ] SHOW COLUMNS FROM `fa_auth_group_access` [ RunTime:0.040937s ]
[ sql ] [ SQL ] SELECT `aga`.`uid`,`aga`.`group_id`,`ag`.`id`,`ag`.`pid`,`ag`.`name`,`ag`.`rules` FROM `fa_auth_group_access` `aga` LEFT JOIN `fa_auth_group` `ag` ON `aga`.`group_id`=`ag`.`id` WHERE  (  aga.uid='1' and ag.status='normal' ) [ RunTime:1.890482s ]
[ sql ] [ SQL ] SHOW COLUMNS FROM `fa_auth_rule` [ RunTime:0.039897s ]
[ sql ] [ SQL ] SELECT `id`,`pid`,`condition`,`icon`,`name`,`title`,`ismenu` FROM `fa_auth_rule` WHERE  `status` = 'normal' [ RunTime:0.061593s ]
---------------------------------------------------------------
[ 2018-11-03T13:55:25+08:00 ] 0.0.0.0 GET /vlusi_fastadmin/public/admin/index/index
[ info ] localhost:8080/vlusi_fastadmin/public/admin/index/index [运行时间：0.450433s][吞吐率：2.22req/s] [内存消耗：3,258.00kb] [文件加载：88]
[ info ] [ BEHAVIOR ] Run Closure @app_init [ RunTime:0.000018s ]
[ info ] [ CACHE ] INIT File
[ info ] [ BEHAVIOR ] Run Closure @app_init [ RunTime:0.001149s ]
[ info ] [ LANG ] D:\phpStudy\WWW\vlusi_fastadmin\thinkphp\lang\zh-cn.php
[ info ] [ ROUTE ] array (
  'type' => 'module',
  'module' => 
  array (
    0 => 'admin',
    1 => 'index',
    2 => 'index',
  ),
)
[ info ] [ HEADER ] array (
  'cookie' => 'keeplogin=1%7C86400%7C1540709555%7Cfc1e9212dfeb60b7046910f3ce5f4e07; Hm_lvt_f8d0a8c400404989e195270b0bbf060a=1540621803,1540705455,1540713385,1540899853; PHPSESSID=aidieb0qu1r4173ghknrhu87p6',
  'accept-language' => 'zh-CN,zh;q=0.9',
  'accept-encoding' => 'gzip, deflate, br',
  'referer' => 'http://localhost:8080/vlusi_fastadmin/public/admin/index/login?url=%2Fvlusi_fastadmin%2Fpublic%2Fadmin%2Fdashboard%3Fref%3Daddtabs',
  'accept' => 'text/html,application/xhtml+xml,application/xml;q=0.9,image/webp,image/apng,*/*;q=0.8',
  'user-agent' => 'Mozilla/5.0 (Windows NT 10.0; WOW64) AppleWebKit/537.36 (KHTML, like Gecko) Chrome/65.0.3325.181 Safari/537.36',
  'upgrade-insecure-requests' => '1',
  'connection' => 'close',
  'host' => 'localhost:8080',
)
[ info ] [ PARAM ] array (
)
[ info ] [ LANG ] D:\phpStudy\WWW\vlusi_fastadmin\public/../application/admin\lang\zh-cn.php
[ info ] [ BEHAVIOR ] Run app\common\behavior\Common @module_init [ RunTime:0.001216s ]
[ info ] [ SESSION ] INIT array (
  'id' => '',
  'var_session_id' => '',
  'prefix' => 'think',
  'type' => '',
  'auto_start' => true,
)
[ info ] [ LANG ] D:\phpStudy\WWW\vlusi_fastadmin\public/../application/admin/lang/zh-cn/index.php
[ info ] [ RUN ] app\admin\controller\Index->index[ D:\phpStudy\WWW\vlusi_fastadmin\application\admin\controller\Index.php ]
[ info ] [ DB ] INIT mysql
[ info ] [ VIEW ] D:\phpStudy\WWW\vlusi_fastadmin\public/../application/admin\view\index\index.html [ array (
  0 => 'breadcrumb',
  1 => 'site',
  2 => 'config',
  3 => 'auth',
  4 => 'admin',
  5 => 'menulist',
  6 => 'navlist',
  7 => 'fixedmenu',
  8 => 'referermenu',
  9 => 'title',
) ]
[ info ] [ BEHAVIOR ] Run app\admin\behavior\AdminLog @app_end [ RunTime:0.000416s ]
[ info ] [ LOG ] INIT File
[ sql ] [ DB ] CONNECT:[ UseTime:0.062131s ] mysql:host=47.96.179.77;dbname=vlusi_fastadmin;charset=utf8
[ sql ] [ SQL ] SHOW COLUMNS FROM `fa_auth_group_access` [ RunTime:0.042793s ]
[ sql ] [ SQL ] SELECT `aga`.`uid`,`aga`.`group_id`,`ag`.`id`,`ag`.`pid`,`ag`.`name`,`ag`.`rules` FROM `fa_auth_group_access` `aga` LEFT JOIN `fa_auth_group` `ag` ON `aga`.`group_id`=`ag`.`id` WHERE  (  aga.uid='1' and ag.status='normal' ) [ RunTime:0.044445s ]
[ sql ] [ SQL ] SHOW COLUMNS FROM `fa_auth_rule` [ RunTime:0.041259s ]
[ sql ] [ SQL ] SELECT `id`,`pid`,`condition`,`icon`,`name`,`title`,`ismenu` FROM `fa_auth_rule` WHERE  `status` = 'normal' [ RunTime:0.040666s ]
---------------------------------------------------------------
[ 2018-11-03T13:55:26+08:00 ] 0.0.0.0 GET /vlusi_fastadmin/public/admin/dashboard?addtabs=1
[ info ] localhost:8080/vlusi_fastadmin/public/admin/dashboard?addtabs=1 [运行时间：0.400071s][吞吐率：2.50req/s] [内存消耗：3,145.67kb] [文件加载：78]
[ info ] [ BEHAVIOR ] Run Closure @app_init [ RunTime:0.000025s ]
[ info ] [ CACHE ] INIT File
[ info ] [ BEHAVIOR ] Run Closure @app_init [ RunTime:0.001533s ]
[ info ] [ LANG ] D:\phpStudy\WWW\vlusi_fastadmin\thinkphp\lang\zh-cn.php
[ info ] [ ROUTE ] array (
  'type' => 'module',
  'module' => 
  array (
    0 => 'admin',
    1 => 'dashboard',
    2 => NULL,
  ),
)
[ info ] [ HEADER ] array (
  'cookie' => 'keeplogin=1%7C86400%7C1540709555%7Cfc1e9212dfeb60b7046910f3ce5f4e07; Hm_lvt_f8d0a8c400404989e195270b0bbf060a=1540621803,1540705455,1540713385,1540899853; PHPSESSID=aidieb0qu1r4173ghknrhu87p6',
  'accept-language' => 'zh-CN,zh;q=0.9',
  'accept-encoding' => 'gzip, deflate, br',
  'referer' => 'http://localhost:8080/vlusi_fastadmin/public/admin/index/index',
  'accept' => 'text/html,application/xhtml+xml,application/xml;q=0.9,image/webp,image/apng,*/*;q=0.8',
  'user-agent' => 'Mozilla/5.0 (Windows NT 10.0; WOW64) AppleWebKit/537.36 (KHTML, like Gecko) Chrome/65.0.3325.181 Safari/537.36',
  'upgrade-insecure-requests' => '1',
  'connection' => 'close',
  'host' => 'localhost:8080',
)
[ info ] [ PARAM ] array (
  'addtabs' => '1',
)
[ info ] [ LANG ] D:\phpStudy\WWW\vlusi_fastadmin\public/../application/admin\lang\zh-cn.php
[ info ] [ BEHAVIOR ] Run app\common\behavior\Common @module_init [ RunTime:0.001748s ]
[ info ] [ SESSION ] INIT array (
  'id' => '',
  'var_session_id' => '',
  'prefix' => 'think',
  'type' => '',
  'auto_start' => true,
)
[ info ] [ DB ] INIT mysql
[ info ] [ LANG ] D:\phpStudy\WWW\vlusi_fastadmin\public/../application/admin/lang/zh-cn/dashboard.php
[ info ] [ RUN ] app\admin\controller\Dashboard->index[ D:\phpStudy\WWW\vlusi_fastadmin\application\admin\controller\Dashboard.php ]
[ info ] [ VIEW ] D:\phpStudy\WWW\vlusi_fastadmin\public/../application/admin\view\dashboard\index.html [ array (
  0 => 'breadcrumb',
  1 => 'site',
  2 => 'config',
  3 => 'auth',
  4 => 'admin',
  5 => 'totaluser',
  6 => 'totalviews',
  7 => 'totalorder',
  8 => 'totalorderamount',
  9 => 'todayuserlogin',
  10 => 'todayusersignup',
  11 => 'todayorder',
  12 => 'unsettleorder',
  13 => 'sevendnu',
  14 => 'sevendau',
  15 => 'paylist',
  16 => 'createlist',
  17 => 'addonversion',
  18 => 'uploadmode',
) ]
[ info ] [ BEHAVIOR ] Run app\admin\behavior\AdminLog @app_end [ RunTime:0.000477s ]
[ info ] [ LOG ] INIT File
[ sql ] [ DB ] CONNECT:[ UseTime:0.063082s ] mysql:host=47.96.179.77;dbname=vlusi_fastadmin;charset=utf8
[ sql ] [ SQL ] SHOW COLUMNS FROM `fa_auth_group_access` [ RunTime:0.040887s ]
[ sql ] [ SQL ] SELECT `aga`.`uid`,`aga`.`group_id`,`ag`.`id`,`ag`.`pid`,`ag`.`name`,`ag`.`rules` FROM `fa_auth_group_access` `aga` LEFT JOIN `fa_auth_group` `ag` ON `aga`.`group_id`=`ag`.`id` WHERE  (  aga.uid='1' and ag.status='normal' ) [ RunTime:0.044467s ]
[ sql ] [ SQL ] SHOW COLUMNS FROM `fa_auth_rule` [ RunTime:0.046201s ]
[ sql ] [ SQL ] SELECT `id`,`pid`,`condition`,`icon`,`name`,`title`,`ismenu` FROM `fa_auth_rule` WHERE  `status` = 'normal' [ RunTime:0.047359s ]
[ sql ] [ SQL ] SELECT `title`,`remark` FROM `fa_auth_rule` WHERE  `name` = 'dashboard' LIMIT 1 [ RunTime:0.045705s ]
---------------------------------------------------------------
[ 2018-11-03T13:55:26+08:00 ] 0.0.0.0 GET /vlusi_fastadmin/public/admin/ajax/lang?callback=define&controllername=dashboard&v=1541224525
[ info ] localhost:8080/vlusi_fastadmin/public/admin/ajax/lang?callback=define&controllername=dashboard&v=1541224525 [运行时间：0.036392s][吞吐率：27.48req/s] [内存消耗：2,340.10kb] [文件加载：69]
[ info ] [ BEHAVIOR ] Run Closure @app_init [ RunTime:0.000018s ]
[ info ] [ CACHE ] INIT File
[ info ] [ BEHAVIOR ] Run Closure @app_init [ RunTime:0.001210s ]
[ info ] [ LANG ] D:\phpStudy\WWW\vlusi_fastadmin\thinkphp\lang\zh-cn.php
[ info ] [ ROUTE ] array (
  'type' => 'module',
  'module' => 
  array (
    0 => 'admin',
    1 => 'ajax',
    2 => 'lang',
  ),
)
[ info ] [ HEADER ] array (
  'cookie' => 'keeplogin=1%7C86400%7C1540709555%7Cfc1e9212dfeb60b7046910f3ce5f4e07; Hm_lvt_f8d0a8c400404989e195270b0bbf060a=1540621803,1540705455,1540713385,1540899853; PHPSESSID=aidieb0qu1r4173ghknrhu87p6',
  'accept-language' => 'zh-CN,zh;q=0.9',
  'accept-encoding' => 'gzip, deflate, br',
  'referer' => 'http://localhost:8080/vlusi_fastadmin/public/admin/dashboard?addtabs=1',
  'accept' => '*/*',
  'user-agent' => 'Mozilla/5.0 (Windows NT 10.0; WOW64) AppleWebKit/537.36 (KHTML, like Gecko) Chrome/65.0.3325.181 Safari/537.36',
  'connection' => 'close',
  'host' => 'localhost:8080',
)
[ info ] [ PARAM ] array (
  'callback' => 'define',
  'controllername' => 'dashboard',
  'v' => '1541224525',
)
[ info ] [ LANG ] D:\phpStudy\WWW\vlusi_fastadmin\public/../application/admin\lang\zh-cn.php
[ info ] [ BEHAVIOR ] Run app\common\behavior\Common @module_init [ RunTime:0.001352s ]
[ info ] [ SESSION ] INIT array (
  'id' => '',
  'var_session_id' => '',
  'prefix' => 'think',
  'type' => '',
  'auto_start' => true,
)
[ info ] [ LANG ] D:\phpStudy\WWW\vlusi_fastadmin\public/../application/admin/lang/zh-cn/ajax.php
[ info ] [ RUN ] app\admin\controller\Ajax->lang[ D:\phpStudy\WWW\vlusi_fastadmin\application\admin\controller\Ajax.php ]
[ info ] [ LANG ] D:\phpStudy\WWW\vlusi_fastadmin\public/../application/admin/lang/zh-cn/dashboard.php
[ info ] [ BEHAVIOR ] Run app\admin\behavior\AdminLog @app_end [ RunTime:0.000424s ]
[ info ] [ LOG ] INIT File
---------------------------------------------------------------
[ 2018-11-03T13:55:26+08:00 ] 0.0.0.0 GET /vlusi_fastadmin/public/admin/ajax/lang?callback=define&controllername=index&v=1541224525
[ info ] localhost:8080/vlusi_fastadmin/public/admin/ajax/lang?callback=define&controllername=index&v=1541224525 [运行时间：0.040868s][吞吐率：24.47req/s] [内存消耗：2,341.65kb] [文件加载：69]
[ info ] [ BEHAVIOR ] Run Closure @app_init [ RunTime:0.000024s ]
[ info ] [ CACHE ] INIT File
[ info ] [ BEHAVIOR ] Run Closure @app_init [ RunTime:0.001972s ]
[ info ] [ LANG ] D:\phpStudy\WWW\vlusi_fastadmin\thinkphp\lang\zh-cn.php
[ info ] [ ROUTE ] array (
  'type' => 'module',
  'module' => 
  array (
    0 => 'admin',
    1 => 'ajax',
    2 => 'lang',
  ),
)
[ info ] [ HEADER ] array (
  'cookie' => 'keeplogin=1%7C86400%7C1540709555%7Cfc1e9212dfeb60b7046910f3ce5f4e07; Hm_lvt_f8d0a8c400404989e195270b0bbf060a=1540621803,1540705455,1540713385,1540899853; PHPSESSID=aidieb0qu1r4173ghknrhu87p6',
  'accept-language' => 'zh-CN,zh;q=0.9',
  'accept-encoding' => 'gzip, deflate, br',
  'referer' => 'http://localhost:8080/vlusi_fastadmin/public/admin/index/index',
  'accept' => '*/*',
  'user-agent' => 'Mozilla/5.0 (Windows NT 10.0; WOW64) AppleWebKit/537.36 (KHTML, like Gecko) Chrome/65.0.3325.181 Safari/537.36',
  'connection' => 'close',
  'host' => 'localhost:8080',
)
[ info ] [ PARAM ] array (
  'callback' => 'define',
  'controllername' => 'index',
  'v' => '1541224525',
)
[ info ] [ LANG ] D:\phpStudy\WWW\vlusi_fastadmin\public/../application/admin\lang\zh-cn.php
[ info ] [ BEHAVIOR ] Run app\common\behavior\Common @module_init [ RunTime:0.001643s ]
[ info ] [ SESSION ] INIT array (
  'id' => '',
  'var_session_id' => '',
  'prefix' => 'think',
  'type' => '',
  'auto_start' => true,
)
[ info ] [ LANG ] D:\phpStudy\WWW\vlusi_fastadmin\public/../application/admin/lang/zh-cn/ajax.php
[ info ] [ RUN ] app\admin\controller\Ajax->lang[ D:\phpStudy\WWW\vlusi_fastadmin\application\admin\controller\Ajax.php ]
[ info ] [ LANG ] D:\phpStudy\WWW\vlusi_fastadmin\public/../application/admin/lang/zh-cn/index.php
[ info ] [ BEHAVIOR ] Run app\admin\behavior\AdminLog @app_end [ RunTime:0.000402s ]
[ info ] [ LOG ] INIT File
---------------------------------------------------------------
[ 2018-11-03T13:55:32+08:00 ] 0.0.0.0 GET /vlusi_fastadmin/public/admin/information/information/information_list?addtabs=1
[ info ] localhost:8080/vlusi_fastadmin/public/admin/information/information/information_list?addtabs=1 [运行时间：1.196626s][吞吐率：0.84req/s] [内存消耗：3,080.66kb] [文件加载：76]
[ info ] [ BEHAVIOR ] Run Closure @app_init [ RunTime:0.000028s ]
[ info ] [ CACHE ] INIT File
[ info ] [ BEHAVIOR ] Run Closure @app_init [ RunTime:0.001788s ]
[ info ] [ LANG ] D:\phpStudy\WWW\vlusi_fastadmin\thinkphp\lang\zh-cn.php
[ info ] [ ROUTE ] array (
  'type' => 'module',
  'module' => 
  array (
    0 => 'admin',
    1 => 'information.information',
    2 => 'information_list',
  ),
)
[ info ] [ HEADER ] array (
  'cookie' => 'keeplogin=1%7C86400%7C1540709555%7Cfc1e9212dfeb60b7046910f3ce5f4e07; Hm_lvt_f8d0a8c400404989e195270b0bbf060a=1540621803,1540705455,1540713385,1540899853; PHPSESSID=aidieb0qu1r4173ghknrhu87p6',
  'accept-language' => 'zh-CN,zh;q=0.9',
  'accept-encoding' => 'gzip, deflate, br',
  'referer' => 'http://localhost:8080/vlusi_fastadmin/public/admin/information/information/information_list?ref=addtabs',
  'accept' => 'text/html,application/xhtml+xml,application/xml;q=0.9,image/webp,image/apng,*/*;q=0.8',
  'user-agent' => 'Mozilla/5.0 (Windows NT 10.0; WOW64) AppleWebKit/537.36 (KHTML, like Gecko) Chrome/65.0.3325.181 Safari/537.36',
  'upgrade-insecure-requests' => '1',
  'connection' => 'close',
  'host' => 'localhost:8080',
)
[ info ] [ PARAM ] array (
  'addtabs' => '1',
)
[ info ] [ LANG ] D:\phpStudy\WWW\vlusi_fastadmin\public/../application/admin\lang\zh-cn.php
[ info ] [ BEHAVIOR ] Run app\common\behavior\Common @module_init [ RunTime:0.001181s ]
[ info ] [ SESSION ] INIT array (
  'id' => '',
  'var_session_id' => '',
  'prefix' => 'think',
  'type' => '',
  'auto_start' => true,
)
[ info ] [ DB ] INIT mysql
[ info ] [ RUN ] app\admin\controller\information\Information->information_list[ D:\phpStudy\WWW\vlusi_fastadmin\application\admin\controller\information\Information.php ]
[ info ] [ VIEW ] D:\phpStudy\WWW\vlusi_fastadmin\public/../application/admin\view\information\information\information_list.html [ array (
  0 => 'breadcrumb',
  1 => 'site',
  2 => 'config',
  3 => 'auth',
  4 => 'admin',
) ]
[ info ] [ BEHAVIOR ] Run app\admin\behavior\AdminLog @app_end [ RunTime:0.000411s ]
[ info ] [ LOG ] INIT File
[ sql ] [ DB ] CONNECT:[ UseTime:0.162633s ] mysql:host=47.96.179.77;dbname=vlusi_fastadmin;charset=utf8
[ sql ] [ SQL ] SHOW COLUMNS FROM `fa_auth_group_access` [ RunTime:0.143329s ]
[ sql ] [ SQL ] SELECT `aga`.`uid`,`aga`.`group_id`,`ag`.`id`,`ag`.`pid`,`ag`.`name`,`ag`.`rules` FROM `fa_auth_group_access` `aga` LEFT JOIN `fa_auth_group` `ag` ON `aga`.`group_id`=`ag`.`id` WHERE  (  aga.uid='1' and ag.status='normal' ) [ RunTime:0.127989s ]
[ sql ] [ SQL ] SHOW COLUMNS FROM `fa_auth_rule` [ RunTime:0.057317s ]
[ sql ] [ SQL ] SELECT `id`,`pid`,`condition`,`icon`,`name`,`title`,`ismenu` FROM `fa_auth_rule` WHERE  `status` = 'normal' [ RunTime:0.282886s ]
[ sql ] [ SQL ] SELECT `title`,`remark` FROM `fa_auth_rule` WHERE  `name` = 'information/information/information_list' LIMIT 1 [ RunTime:0.212813s ]
---------------------------------------------------------------
[ 2018-11-03T13:55:32+08:00 ] 0.0.0.0 GET /vlusi_fastadmin/public/admin/ajax/lang?callback=define&controllername=information.information&v=1541224531
[ info ] localhost:8080/vlusi_fastadmin/public/admin/ajax/lang?callback=define&controllername=information.information&v=1541224531 [运行时间：0.034869s][吞吐率：28.68req/s] [内存消耗：2,337.57kb] [文件加载：68]
[ info ] [ BEHAVIOR ] Run Closure @app_init [ RunTime:0.000035s ]
[ info ] [ CACHE ] INIT File
[ info ] [ BEHAVIOR ] Run Closure @app_init [ RunTime:0.001720s ]
[ info ] [ LANG ] D:\phpStudy\WWW\vlusi_fastadmin\thinkphp\lang\zh-cn.php
[ info ] [ ROUTE ] array (
  'type' => 'module',
  'module' => 
  array (
    0 => 'admin',
    1 => 'ajax',
    2 => 'lang',
  ),
)
[ info ] [ HEADER ] array (
  'cookie' => 'keeplogin=1%7C86400%7C1540709555%7Cfc1e9212dfeb60b7046910f3ce5f4e07; Hm_lvt_f8d0a8c400404989e195270b0bbf060a=1540621803,1540705455,1540713385,1540899853; PHPSESSID=aidieb0qu1r4173ghknrhu87p6',
  'accept-language' => 'zh-CN,zh;q=0.9',
  'accept-encoding' => 'gzip, deflate, br',
  'referer' => 'http://localhost:8080/vlusi_fastadmin/public/admin/information/information/information_list?addtabs=1',
  'accept' => '*/*',
  'user-agent' => 'Mozilla/5.0 (Windows NT 10.0; WOW64) AppleWebKit/537.36 (KHTML, like Gecko) Chrome/65.0.3325.181 Safari/537.36',
  'connection' => 'close',
  'host' => 'localhost:8080',
)
[ info ] [ PARAM ] array (
  'callback' => 'define',
  'controllername' => 'information.information',
  'v' => '1541224531',
)
[ info ] [ LANG ] D:\phpStudy\WWW\vlusi_fastadmin\public/../application/admin\lang\zh-cn.php
[ info ] [ BEHAVIOR ] Run app\common\behavior\Common @module_init [ RunTime:0.001225s ]
[ info ] [ SESSION ] INIT array (
  'id' => '',
  'var_session_id' => '',
  'prefix' => 'think',
  'type' => '',
  'auto_start' => true,
)
[ info ] [ LANG ] D:\phpStudy\WWW\vlusi_fastadmin\public/../application/admin/lang/zh-cn/ajax.php
[ info ] [ RUN ] app\admin\controller\Ajax->lang[ D:\phpStudy\WWW\vlusi_fastadmin\application\admin\controller\Ajax.php ]
[ info ] [ BEHAVIOR ] Run app\admin\behavior\AdminLog @app_end [ RunTime:0.000588s ]
[ info ] [ LOG ] INIT File
---------------------------------------------------------------
[ 2018-11-03T13:55:32+08:00 ] 0.0.0.0 GET /vlusi_fastadmin/public/assets/js/backend/information/information.js?v=1541224531
[ info ] localhost:8080/vlusi_fastadmin/public/assets/js/backend/information/information.js?v=1541224531 [运行时间：0.057911s][吞吐率：17.27req/s] [内存消耗：1,387.04kb] [文件加载：48]
[ info ] [ BEHAVIOR ] Run Closure @app_init [ RunTime:0.000020s ]
[ info ] [ CACHE ] INIT File
[ info ] [ BEHAVIOR ] Run Closure @app_init [ RunTime:0.001157s ]
[ info ] [ LANG ] D:\phpStudy\WWW\vlusi_fastadmin\thinkphp\lang\zh-cn.php
[ info ] [ ROUTE ] array (
  'type' => 'module',
  'module' => 
  array (
    0 => 'assets',
    1 => 'js',
    2 => 'backend',
  ),
)
[ info ] [ HEADER ] array (
  'cookie' => 'keeplogin=1%7C86400%7C1540709555%7Cfc1e9212dfeb60b7046910f3ce5f4e07; Hm_lvt_f8d0a8c400404989e195270b0bbf060a=1540621803,1540705455,1540713385,1540899853; PHPSESSID=aidieb0qu1r4173ghknrhu87p6',
  'accept-language' => 'zh-CN,zh;q=0.9',
  'accept-encoding' => 'gzip, deflate, br',
  'referer' => 'http://localhost:8080/vlusi_fastadmin/public/admin/information/information/information_list?addtabs=1',
  'accept' => '*/*',
  'user-agent' => 'Mozilla/5.0 (Windows NT 10.0; WOW64) AppleWebKit/537.36 (KHTML, like Gecko) Chrome/65.0.3325.181 Safari/537.36',
  'connection' => 'close',
  'host' => 'localhost:8080',
)
[ info ] [ PARAM ] array (
  'v' => '1541224531',
  'information' => 'information.js',
)
[ info ] [ LOG ] INIT File
---------------------------------------------------------------
[ 2018-11-03T14:14:38+08:00 ] 0.0.0.0 GET /vlusi_fastadmin/public/admin/information/information/comment_list?addtabs=1
[ info ] localhost:8080/vlusi_fastadmin/public/admin/information/information/comment_list?addtabs=1 [运行时间：0.310822s][吞吐率：3.22req/s] [内存消耗：3,089.79kb] [文件加载：75]
[ info ] [ BEHAVIOR ] Run Closure @app_init [ RunTime:0.000213s ]
[ info ] [ CACHE ] INIT File
[ info ] [ BEHAVIOR ] Run Closure @app_init [ RunTime:0.001843s ]
[ info ] [ LANG ] D:\phpStudy\WWW\vlusi_fastadmin\thinkphp\lang\zh-cn.php
[ info ] [ ROUTE ] array (
  'type' => 'module',
  'module' => 
  array (
    0 => 'admin',
    1 => 'information.information',
    2 => 'comment_list',
  ),
)
[ info ] [ HEADER ] array (
  'cookie' => 'keeplogin=1%7C86400%7C1540709555%7Cfc1e9212dfeb60b7046910f3ce5f4e07; Hm_lvt_f8d0a8c400404989e195270b0bbf060a=1540621803,1540705455,1540713385,1540899853; PHPSESSID=aidieb0qu1r4173ghknrhu87p6',
  'accept-language' => 'zh-CN,zh;q=0.9',
  'accept-encoding' => 'gzip, deflate, br',
  'referer' => 'http://localhost:8080/vlusi_fastadmin/public/admin/information/information/comment_list?ref=addtabs',
  'accept' => 'text/html,application/xhtml+xml,application/xml;q=0.9,image/webp,image/apng,*/*;q=0.8',
  'user-agent' => 'Mozilla/5.0 (Windows NT 10.0; WOW64) AppleWebKit/537.36 (KHTML, like Gecko) Chrome/65.0.3325.181 Safari/537.36',
  'upgrade-insecure-requests' => '1',
  'connection' => 'close',
  'host' => 'localhost:8080',
)
[ info ] [ PARAM ] array (
  'addtabs' => '1',
)
[ info ] [ LANG ] D:\phpStudy\WWW\vlusi_fastadmin\public/../application/admin\lang\zh-cn.php
[ info ] [ BEHAVIOR ] Run app\common\behavior\Common @module_init [ RunTime:0.002010s ]
[ info ] [ SESSION ] INIT array (
  'id' => '',
  'var_session_id' => '',
  'prefix' => 'think',
  'type' => '',
  'auto_start' => true,
)
[ info ] [ DB ] INIT mysql
[ info ] [ RUN ] app\admin\controller\information\Information->comment_list[ D:\phpStudy\WWW\vlusi_fastadmin\application\admin\controller\information\Information.php ]
[ info ] [ BEHAVIOR ] Run app\admin\behavior\AdminLog @app_end [ RunTime:0.000465s ]
[ info ] [ LOG ] INIT File
[ sql ] [ DB ] CONNECT:[ UseTime:0.080450s ] mysql:host=47.96.179.77;dbname=vlusi_fastadmin;charset=utf8
[ sql ] [ SQL ] SHOW COLUMNS FROM `fa_auth_group_access` [ RunTime:0.041194s ]
[ sql ] [ SQL ] SELECT `aga`.`uid`,`aga`.`group_id`,`ag`.`id`,`ag`.`pid`,`ag`.`name`,`ag`.`rules` FROM `fa_auth_group_access` `aga` LEFT JOIN `fa_auth_group` `ag` ON `aga`.`group_id`=`ag`.`id` WHERE  (  aga.uid='1' and ag.status='normal' ) [ RunTime:0.040427s ]
[ sql ] [ SQL ] SHOW COLUMNS FROM `fa_auth_rule` [ RunTime:0.047194s ]
[ sql ] [ SQL ] SELECT `id`,`pid`,`condition`,`icon`,`name`,`title`,`ismenu` FROM `fa_auth_rule` WHERE  `status` = 'normal' [ RunTime:0.050422s ]
