---------------------------------------------------------------
[ 2018-11-05T15:38:46+08:00 ] 0.0.0.0 GET /vlusi_fastadmin/public/admin/index/index
[ info ] localhost/vlusi_fastadmin/public/admin/index/index [运行时间：0.621953s][吞吐率：1.61req/s] [内存消耗：3,614.60kb] [文件加载：90]
[ info ] [ BEHAVIOR ] Run Closure @app_init [ RunTime:0.000045s ]
[ info ] [ CACHE ] INIT File
[ info ] [ BEHAVIOR ] Run Closure @app_init [ RunTime:0.007409s ]
[ info ] [ LANG ] D:\phpStudy\PHPTutorial\WWW\vlusi_fastadmin\thinkphp\lang\zh-cn.php
[ info ] [ ROUTE ] array (
  'type' => 'module',
  'module' => 
  array (
    0 => 'admin',
    1 => 'index',
    2 => 'index',
  ),
)
[ info ] [ HEADER ] array (
  'cookie' => 'PHPSESSID=arv0k5gm3er3eil617u7oe5gg5; Hm_lvt_f8d0a8c400404989e195270b0bbf060a=1541402911; Hm_lpvt_f8d0a8c400404989e195270b0bbf060a=1541402911',
  'accept-language' => 'zh-CN,zh;q=0.9',
  'accept-encoding' => 'gzip, deflate, br',
  'accept' => 'text/html,application/xhtml+xml,application/xml;q=0.9,image/webp,image/apng,*/*;q=0.8',
  'user-agent' => 'Mozilla/5.0 (Windows NT 10.0; WOW64) AppleWebKit/537.36 (KHTML, like Gecko) Chrome/69.0.3497.81 Safari/537.36',
  'upgrade-insecure-requests' => '1',
  'connection' => 'close',
  'host' => 'localhost',
)
[ info ] [ PARAM ] array (
)
[ info ] [ LANG ] D:\phpStudy\PHPTutorial\WWW\vlusi_fastadmin\public/../application/admin\lang\zh-cn.php
[ info ] [ BEHAVIOR ] Run app\common\behavior\Common @module_init [ RunTime:0.001723s ]
[ info ] [ SESSION ] INIT array (
  'id' => '',
  'var_session_id' => '',
  'prefix' => 'think',
  'type' => '',
  'auto_start' => true,
)
[ info ] [ LANG ] D:\phpStudy\PHPTutorial\WWW\vlusi_fastadmin\public/../application/admin/lang/zh-cn/index.php
[ info ] [ RUN ] app\admin\controller\Index->index[ D:\phpStudy\PHPTutorial\WWW\vlusi_fastadmin\application\admin\controller\Index.php ]
[ info ] [ DB ] INIT mysql
[ info ] [ VIEW ] D:\phpStudy\PHPTutorial\WWW\vlusi_fastadmin\public/../application/admin\view\index\index.html [ array (
  0 => 'breadcrumb',
  1 => 'site',
  2 => 'config',
  3 => 'auth',
  4 => 'admin',
  5 => 'menulist',
  6 => 'navlist',
  7 => 'fixedmenu',
  8 => 'referermenu',
  9 => 'title',
) ]
[ info ] [ BEHAVIOR ] Run app\admin\behavior\AdminLog @app_end [ RunTime:0.000247s ]
[ info ] [ LOG ] INIT File
[ sql ] [ DB ] CONNECT:[ UseTime:0.027098s ] mysql:host=47.96.179.77;dbname=vlusi_fastadmin;charset=utf8
[ sql ] [ SQL ] SHOW COLUMNS FROM `fa_auth_group_access` [ RunTime:0.018732s ]
[ sql ] [ SQL ] SELECT `aga`.`uid`,`aga`.`group_id`,`ag`.`id`,`ag`.`pid`,`ag`.`name`,`ag`.`rules` FROM `fa_auth_group_access` `aga` LEFT JOIN `fa_auth_group` `ag` ON `aga`.`group_id`=`ag`.`id` WHERE  (  aga.uid='1' and ag.status='normal' ) [ RunTime:0.018946s ]
[ sql ] [ SQL ] SHOW COLUMNS FROM `fa_auth_rule` [ RunTime:0.018806s ]
[ sql ] [ SQL ] SELECT `id`,`pid`,`condition`,`icon`,`name`,`title`,`ismenu` FROM `fa_auth_rule` WHERE  `status` = 'normal' [ RunTime:0.019217s ]
[ sql ] [ SQL ] SELECT * FROM `fa_auth_rule` WHERE  `status` = 'normal'  AND `ismenu` = 1 ORDER BY `weigh` DESC [ RunTime:0.019230s ]
---------------------------------------------------------------
[ 2018-11-05T15:38:46+08:00 ] 0.0.0.0 GET /vlusi_fastadmin/public/admin/dashboard?addtabs=1
[ info ] localhost/vlusi_fastadmin/public/admin/dashboard?addtabs=1 [运行时间：0.435348s][吞吐率：2.30req/s] [内存消耗：3,520.77kb] [文件加载：80]
[ info ] [ BEHAVIOR ] Run Closure @app_init [ RunTime:0.000015s ]
[ info ] [ CACHE ] INIT File
[ info ] [ BEHAVIOR ] Run Closure @app_init [ RunTime:0.002572s ]
[ info ] [ LANG ] D:\phpStudy\PHPTutorial\WWW\vlusi_fastadmin\thinkphp\lang\zh-cn.php
[ info ] [ ROUTE ] array (
  'type' => 'module',
  'module' => 
  array (
    0 => 'admin',
    1 => 'dashboard',
    2 => NULL,
  ),
)
[ info ] [ HEADER ] array (
  'cookie' => 'PHPSESSID=arv0k5gm3er3eil617u7oe5gg5; Hm_lvt_f8d0a8c400404989e195270b0bbf060a=1541402911; Hm_lpvt_f8d0a8c400404989e195270b0bbf060a=1541402911',
  'accept-language' => 'zh-CN,zh;q=0.9',
  'accept-encoding' => 'gzip, deflate, br',
  'referer' => 'http://localhost/vlusi_fastadmin/public/admin/index/index',
  'accept' => 'text/html,application/xhtml+xml,application/xml;q=0.9,image/webp,image/apng,*/*;q=0.8',
  'user-agent' => 'Mozilla/5.0 (Windows NT 10.0; WOW64) AppleWebKit/537.36 (KHTML, like Gecko) Chrome/69.0.3497.81 Safari/537.36',
  'upgrade-insecure-requests' => '1',
  'connection' => 'close',
  'host' => 'localhost',
)
[ info ] [ PARAM ] array (
  'addtabs' => '1',
)
[ info ] [ LANG ] D:\phpStudy\PHPTutorial\WWW\vlusi_fastadmin\public/../application/admin\lang\zh-cn.php
[ info ] [ BEHAVIOR ] Run app\common\behavior\Common @module_init [ RunTime:0.002556s ]
[ info ] [ SESSION ] INIT array (
  'id' => '',
  'var_session_id' => '',
  'prefix' => 'think',
  'type' => '',
  'auto_start' => true,
)
[ info ] [ DB ] INIT mysql
[ info ] [ LANG ] D:\phpStudy\PHPTutorial\WWW\vlusi_fastadmin\public/../application/admin/lang/zh-cn/dashboard.php
[ info ] [ RUN ] app\admin\controller\Dashboard->index[ D:\phpStudy\PHPTutorial\WWW\vlusi_fastadmin\application\admin\controller\Dashboard.php ]
[ info ] [ VIEW ] D:\phpStudy\PHPTutorial\WWW\vlusi_fastadmin\public/../application/admin\view\dashboard\index.html [ array (
  0 => 'breadcrumb',
  1 => 'site',
  2 => 'config',
  3 => 'auth',
  4 => 'admin',
  5 => 'totaluser',
  6 => 'totalviews',
  7 => 'totalorder',
  8 => 'totalorderamount',
  9 => 'todayuserlogin',
  10 => 'todayusersignup',
  11 => 'todayorder',
  12 => 'unsettleorder',
  13 => 'sevendnu',
  14 => 'sevendau',
  15 => 'paylist',
  16 => 'createlist',
  17 => 'addonversion',
  18 => 'uploadmode',
) ]
[ info ] [ BEHAVIOR ] Run app\admin\behavior\AdminLog @app_end [ RunTime:0.000367s ]
[ info ] [ LOG ] INIT File
[ sql ] [ DB ] CONNECT:[ UseTime:0.029938s ] mysql:host=47.96.179.77;dbname=vlusi_fastadmin;charset=utf8
[ sql ] [ SQL ] SHOW COLUMNS FROM `fa_auth_group_access` [ RunTime:0.020664s ]
[ sql ] [ SQL ] SELECT `aga`.`uid`,`aga`.`group_id`,`ag`.`id`,`ag`.`pid`,`ag`.`name`,`ag`.`rules` FROM `fa_auth_group_access` `aga` LEFT JOIN `fa_auth_group` `ag` ON `aga`.`group_id`=`ag`.`id` WHERE  (  aga.uid='1' and ag.status='normal' ) [ RunTime:0.020710s ]
[ sql ] [ SQL ] SHOW COLUMNS FROM `fa_auth_rule` [ RunTime:0.021682s ]
[ sql ] [ SQL ] SELECT `id`,`pid`,`condition`,`icon`,`name`,`title`,`ismenu` FROM `fa_auth_rule` WHERE  `status` = 'normal' [ RunTime:0.021448s ]
[ sql ] [ SQL ] SELECT `title`,`remark` FROM `fa_auth_rule` WHERE  `name` = 'dashboard' LIMIT 1 [ RunTime:0.021494s ]
---------------------------------------------------------------
[ 2018-11-05T15:38:46+08:00 ] 0.0.0.0 GET /vlusi_fastadmin/public/admin/ajax/lang?callback=define&controllername=dashboard&v=1541403526
[ info ] localhost/vlusi_fastadmin/public/admin/ajax/lang?callback=define&controllername=dashboard&v=1541403526 [运行时间：0.033690s][吞吐率：29.68req/s] [内存消耗：2,441.86kb] [文件加载：69]
[ info ] [ BEHAVIOR ] Run Closure @app_init [ RunTime:0.000021s ]
[ info ] [ CACHE ] INIT File
[ info ] [ BEHAVIOR ] Run Closure @app_init [ RunTime:0.002460s ]
[ info ] [ LANG ] D:\phpStudy\PHPTutorial\WWW\vlusi_fastadmin\thinkphp\lang\zh-cn.php
[ info ] [ ROUTE ] array (
  'type' => 'module',
  'module' => 
  array (
    0 => 'admin',
    1 => 'ajax',
    2 => 'lang',
  ),
)
[ info ] [ HEADER ] array (
  'cookie' => 'PHPSESSID=arv0k5gm3er3eil617u7oe5gg5; Hm_lvt_f8d0a8c400404989e195270b0bbf060a=1541402911; Hm_lpvt_f8d0a8c400404989e195270b0bbf060a=1541402911',
  'accept-language' => 'zh-CN,zh;q=0.9',
  'accept-encoding' => 'gzip, deflate, br',
  'referer' => 'http://localhost/vlusi_fastadmin/public/admin/dashboard?addtabs=1',
  'accept' => '*/*',
  'user-agent' => 'Mozilla/5.0 (Windows NT 10.0; WOW64) AppleWebKit/537.36 (KHTML, like Gecko) Chrome/69.0.3497.81 Safari/537.36',
  'connection' => 'close',
  'host' => 'localhost',
)
[ info ] [ PARAM ] array (
  'callback' => 'define',
  'controllername' => 'dashboard',
  'v' => '1541403526',
)
[ info ] [ LANG ] D:\phpStudy\PHPTutorial\WWW\vlusi_fastadmin\public/../application/admin\lang\zh-cn.php
[ info ] [ BEHAVIOR ] Run app\common\behavior\Common @module_init [ RunTime:0.001241s ]
[ info ] [ SESSION ] INIT array (
  'id' => '',
  'var_session_id' => '',
  'prefix' => 'think',
  'type' => '',
  'auto_start' => true,
)
[ info ] [ LANG ] D:\phpStudy\PHPTutorial\WWW\vlusi_fastadmin\public/../application/admin/lang/zh-cn/ajax.php
[ info ] [ RUN ] app\admin\controller\Ajax->lang[ D:\phpStudy\PHPTutorial\WWW\vlusi_fastadmin\application\admin\controller\Ajax.php ]
[ info ] [ LANG ] D:\phpStudy\PHPTutorial\WWW\vlusi_fastadmin\public/../application/admin/lang/zh-cn/dashboard.php
[ info ] [ BEHAVIOR ] Run app\admin\behavior\AdminLog @app_end [ RunTime:0.000154s ]
[ info ] [ LOG ] INIT File
---------------------------------------------------------------
[ 2018-11-05T15:38:47+08:00 ] 0.0.0.0 GET /vlusi_fastadmin/public/admin/ajax/lang?callback=define&controllername=index&v=1541403525
[ info ] localhost/vlusi_fastadmin/public/admin/ajax/lang?callback=define&controllername=index&v=1541403525 [运行时间：0.039320s][吞吐率：25.43req/s] [内存消耗：2,443.38kb] [文件加载：69]
[ info ] [ BEHAVIOR ] Run Closure @app_init [ RunTime:0.000016s ]
[ info ] [ CACHE ] INIT File
[ info ] [ BEHAVIOR ] Run Closure @app_init [ RunTime:0.002159s ]
[ info ] [ LANG ] D:\phpStudy\PHPTutorial\WWW\vlusi_fastadmin\thinkphp\lang\zh-cn.php
[ info ] [ ROUTE ] array (
  'type' => 'module',
  'module' => 
  array (
    0 => 'admin',
    1 => 'ajax',
    2 => 'lang',
  ),
)
[ info ] [ HEADER ] array (
  'cookie' => 'PHPSESSID=arv0k5gm3er3eil617u7oe5gg5; Hm_lvt_f8d0a8c400404989e195270b0bbf060a=1541402911; Hm_lpvt_f8d0a8c400404989e195270b0bbf060a=1541402911',
  'accept-language' => 'zh-CN,zh;q=0.9',
  'accept-encoding' => 'gzip, deflate, br',
  'referer' => 'http://localhost/vlusi_fastadmin/public/admin/index/index',
  'accept' => '*/*',
  'user-agent' => 'Mozilla/5.0 (Windows NT 10.0; WOW64) AppleWebKit/537.36 (KHTML, like Gecko) Chrome/69.0.3497.81 Safari/537.36',
  'connection' => 'close',
  'host' => 'localhost',
)
[ info ] [ PARAM ] array (
  'callback' => 'define',
  'controllername' => 'index',
  'v' => '1541403525',
)
[ info ] [ LANG ] D:\phpStudy\PHPTutorial\WWW\vlusi_fastadmin\public/../application/admin\lang\zh-cn.php
[ info ] [ BEHAVIOR ] Run app\common\behavior\Common @module_init [ RunTime:0.001136s ]
[ info ] [ SESSION ] INIT array (
  'id' => '',
  'var_session_id' => '',
  'prefix' => 'think',
  'type' => '',
  'auto_start' => true,
)
[ info ] [ LANG ] D:\phpStudy\PHPTutorial\WWW\vlusi_fastadmin\public/../application/admin/lang/zh-cn/ajax.php
[ info ] [ RUN ] app\admin\controller\Ajax->lang[ D:\phpStudy\PHPTutorial\WWW\vlusi_fastadmin\application\admin\controller\Ajax.php ]
[ info ] [ LANG ] D:\phpStudy\PHPTutorial\WWW\vlusi_fastadmin\public/../application/admin/lang/zh-cn/index.php
[ info ] [ BEHAVIOR ] Run app\admin\behavior\AdminLog @app_end [ RunTime:0.000319s ]
[ info ] [ LOG ] INIT File
---------------------------------------------------------------
[ 2018-11-05T15:39:22+08:00 ] 0.0.0.0 GET /vlusi_fastadmin/public/admin/information/index?addtabs=1
[ info ] localhost/vlusi_fastadmin/public/admin/information/index?addtabs=1 [运行时间：0.306064s][吞吐率：3.27req/s] [内存消耗：3,416.30kb] [文件加载：79]
[ info ] [ BEHAVIOR ] Run Closure @app_init [ RunTime:0.000018s ]
[ info ] [ CACHE ] INIT File
[ info ] [ BEHAVIOR ] Run Closure @app_init [ RunTime:0.002239s ]
[ info ] [ LANG ] D:\phpStudy\PHPTutorial\WWW\vlusi_fastadmin\thinkphp\lang\zh-cn.php
[ info ] [ ROUTE ] array (
  'type' => 'module',
  'module' => 
  array (
    0 => 'admin',
    1 => 'information',
    2 => 'index',
  ),
)
[ info ] [ HEADER ] array (
  'cookie' => 'PHPSESSID=arv0k5gm3er3eil617u7oe5gg5; Hm_lvt_f8d0a8c400404989e195270b0bbf060a=1541402911; Hm_lpvt_f8d0a8c400404989e195270b0bbf060a=1541402911',
  'accept-language' => 'zh-CN,zh;q=0.9',
  'accept-encoding' => 'gzip, deflate, br',
  'referer' => 'http://localhost/vlusi_fastadmin/public/admin/information/index?ref=addtabs',
  'accept' => 'text/html,application/xhtml+xml,application/xml;q=0.9,image/webp,image/apng,*/*;q=0.8',
  'user-agent' => 'Mozilla/5.0 (Windows NT 10.0; WOW64) AppleWebKit/537.36 (KHTML, like Gecko) Chrome/69.0.3497.81 Safari/537.36',
  'upgrade-insecure-requests' => '1',
  'connection' => 'close',
  'host' => 'localhost',
)
[ info ] [ PARAM ] array (
  'addtabs' => '1',
)
[ info ] [ LANG ] D:\phpStudy\PHPTutorial\WWW\vlusi_fastadmin\public/../application/admin\lang\zh-cn.php
[ info ] [ BEHAVIOR ] Run app\common\behavior\Common @module_init [ RunTime:0.001051s ]
[ info ] [ SESSION ] INIT array (
  'id' => '',
  'var_session_id' => '',
  'prefix' => 'think',
  'type' => '',
  'auto_start' => true,
)
[ info ] [ DB ] INIT mysql
[ info ] [ LANG ] D:\phpStudy\PHPTutorial\WWW\vlusi_fastadmin\public/../application/admin/lang/zh-cn/information.php
[ info ] [ RUN ] app\admin\controller\Information->index[ D:\phpStudy\PHPTutorial\WWW\vlusi_fastadmin\application\admin\controller\Information.php ]
[ info ] [ VIEW ] D:\phpStudy\PHPTutorial\WWW\vlusi_fastadmin\public/../application/admin\view\information\index.html [ array (
  0 => 'breadcrumb',
  1 => 'site',
  2 => 'config',
  3 => 'auth',
  4 => 'admin',
) ]
[ info ] [ BEHAVIOR ] Run app\admin\behavior\AdminLog @app_end [ RunTime:0.000197s ]
[ info ] [ LOG ] INIT File
[ sql ] [ DB ] CONNECT:[ UseTime:0.027555s ] mysql:host=47.96.179.77;dbname=vlusi_fastadmin;charset=utf8
[ sql ] [ SQL ] SHOW COLUMNS FROM `fa_auth_group_access` [ RunTime:0.018884s ]
[ sql ] [ SQL ] SELECT `aga`.`uid`,`aga`.`group_id`,`ag`.`id`,`ag`.`pid`,`ag`.`name`,`ag`.`rules` FROM `fa_auth_group_access` `aga` LEFT JOIN `fa_auth_group` `ag` ON `aga`.`group_id`=`ag`.`id` WHERE  (  aga.uid='1' and ag.status='normal' ) [ RunTime:0.018451s ]
[ sql ] [ SQL ] SHOW COLUMNS FROM `fa_auth_rule` [ RunTime:0.019555s ]
[ sql ] [ SQL ] SELECT `id`,`pid`,`condition`,`icon`,`name`,`title`,`ismenu` FROM `fa_auth_rule` WHERE  `status` = 'normal' [ RunTime:0.019440s ]
[ sql ] [ SQL ] SELECT `title`,`remark` FROM `fa_auth_rule` WHERE  `name` = 'information' LIMIT 1 [ RunTime:0.018062s ]
---------------------------------------------------------------
[ 2018-11-05T15:39:22+08:00 ] 0.0.0.0 GET /vlusi_fastadmin/public/admin/ajax/lang?callback=define&controllername=information&v=1541403562
[ info ] localhost/vlusi_fastadmin/public/admin/ajax/lang?callback=define&controllername=information&v=1541403562 [运行时间：0.051892s][吞吐率：19.27req/s] [内存消耗：2,440.70kb] [文件加载：69]
[ info ] [ BEHAVIOR ] Run Closure @app_init [ RunTime:0.000019s ]
[ info ] [ CACHE ] INIT File
[ info ] [ BEHAVIOR ] Run Closure @app_init [ RunTime:0.004437s ]
[ info ] [ LANG ] D:\phpStudy\PHPTutorial\WWW\vlusi_fastadmin\thinkphp\lang\zh-cn.php
[ info ] [ ROUTE ] array (
  'type' => 'module',
  'module' => 
  array (
    0 => 'admin',
    1 => 'ajax',
    2 => 'lang',
  ),
)
[ info ] [ HEADER ] array (
  'cookie' => 'PHPSESSID=arv0k5gm3er3eil617u7oe5gg5; Hm_lvt_f8d0a8c400404989e195270b0bbf060a=1541402911; Hm_lpvt_f8d0a8c400404989e195270b0bbf060a=1541402911',
  'accept-language' => 'zh-CN,zh;q=0.9',
  'accept-encoding' => 'gzip, deflate, br',
  'referer' => 'http://localhost/vlusi_fastadmin/public/admin/information/index?addtabs=1',
  'accept' => '*/*',
  'user-agent' => 'Mozilla/5.0 (Windows NT 10.0; WOW64) AppleWebKit/537.36 (KHTML, like Gecko) Chrome/69.0.3497.81 Safari/537.36',
  'connection' => 'close',
  'host' => 'localhost',
)
[ info ] [ PARAM ] array (
  'callback' => 'define',
  'controllername' => 'information',
  'v' => '1541403562',
)
[ info ] [ LANG ] D:\phpStudy\PHPTutorial\WWW\vlusi_fastadmin\public/../application/admin\lang\zh-cn.php
[ info ] [ BEHAVIOR ] Run app\common\behavior\Common @module_init [ RunTime:0.001579s ]
[ info ] [ SESSION ] INIT array (
  'id' => '',
  'var_session_id' => '',
  'prefix' => 'think',
  'type' => '',
  'auto_start' => true,
)
[ info ] [ LANG ] D:\phpStudy\PHPTutorial\WWW\vlusi_fastadmin\public/../application/admin/lang/zh-cn/ajax.php
[ info ] [ RUN ] app\admin\controller\Ajax->lang[ D:\phpStudy\PHPTutorial\WWW\vlusi_fastadmin\application\admin\controller\Ajax.php ]
[ info ] [ LANG ] D:\phpStudy\PHPTutorial\WWW\vlusi_fastadmin\public/../application/admin/lang/zh-cn/information.php
[ info ] [ BEHAVIOR ] Run app\admin\behavior\AdminLog @app_end [ RunTime:0.000149s ]
[ info ] [ LOG ] INIT File
---------------------------------------------------------------
[ 2018-11-05T15:39:23+08:00 ] 0.0.0.0 GET /vlusi_fastadmin/public/admin/information/index?sort=id&order=desc&offset=0&limit=10&filter=%7B%7D&op=%7B%7D&_=1541403562556
[ info ] localhost/vlusi_fastadmin/public/admin/information/index?sort=id&order=desc&offset=0&limit=10&filter=%7B%7D&op=%7B%7D&_=1541403562556 [运行时间：0.253783s][吞吐率：3.94req/s] [内存消耗：3,384.51kb] [文件加载：81]
[ info ] [ BEHAVIOR ] Run Closure @app_init [ RunTime:0.000024s ]
[ info ] [ CACHE ] INIT File
[ info ] [ BEHAVIOR ] Run Closure @app_init [ RunTime:0.003534s ]
[ info ] [ LANG ] D:\phpStudy\PHPTutorial\WWW\vlusi_fastadmin\thinkphp\lang\zh-cn.php
[ info ] [ ROUTE ] array (
  'type' => 'module',
  'module' => 
  array (
    0 => 'admin',
    1 => 'information',
    2 => 'index',
  ),
)
[ info ] [ HEADER ] array (
  'cookie' => 'PHPSESSID=arv0k5gm3er3eil617u7oe5gg5; Hm_lvt_f8d0a8c400404989e195270b0bbf060a=1541402911; Hm_lpvt_f8d0a8c400404989e195270b0bbf060a=1541402911',
  'accept-language' => 'zh-CN,zh;q=0.9',
  'accept-encoding' => 'gzip, deflate, br',
  'referer' => 'http://localhost/vlusi_fastadmin/public/admin/information/index?addtabs=1',
  'content-type' => 'application/json',
  'user-agent' => 'Mozilla/5.0 (Windows NT 10.0; WOW64) AppleWebKit/537.36 (KHTML, like Gecko) Chrome/69.0.3497.81 Safari/537.36',
  'x-requested-with' => 'XMLHttpRequest',
  'accept' => 'application/json, text/javascript, */*; q=0.01',
  'connection' => 'close',
  'host' => 'localhost',
)
[ info ] [ PARAM ] array (
  'sort' => 'id',
  'order' => 'desc',
  'offset' => '0',
  'limit' => '10',
  'filter' => '{}',
  'op' => '{}',
  '_' => '1541403562556',
)
[ info ] [ LANG ] D:\phpStudy\PHPTutorial\WWW\vlusi_fastadmin\public/../application/admin\lang\zh-cn.php
[ info ] [ BEHAVIOR ] Run app\common\behavior\Common @module_init [ RunTime:0.001205s ]
[ info ] [ SESSION ] INIT array (
  'id' => '',
  'var_session_id' => '',
  'prefix' => 'think',
  'type' => '',
  'auto_start' => true,
)
[ info ] [ DB ] INIT mysql
[ info ] [ LANG ] D:\phpStudy\PHPTutorial\WWW\vlusi_fastadmin\public/../application/admin/lang/zh-cn/information.php
[ info ] [ RUN ] app\admin\controller\Information->index[ D:\phpStudy\PHPTutorial\WWW\vlusi_fastadmin\application\admin\controller\Information.php ]
[ info ] [ LOG ] INIT File
[ sql ] [ DB ] CONNECT:[ UseTime:0.030115s ] mysql:host=47.96.179.77;dbname=vlusi_fastadmin;charset=utf8
[ sql ] [ SQL ] SHOW COLUMNS FROM `fa_auth_group_access` [ RunTime:0.021235s ]
[ sql ] [ SQL ] SELECT `aga`.`uid`,`aga`.`group_id`,`ag`.`id`,`ag`.`pid`,`ag`.`name`,`ag`.`rules` FROM `fa_auth_group_access` `aga` LEFT JOIN `fa_auth_group` `ag` ON `aga`.`group_id`=`ag`.`id` WHERE  (  aga.uid='1' and ag.status='normal' ) [ RunTime:0.020626s ]
[ sql ] [ SQL ] SHOW COLUMNS FROM `fa_auth_rule` [ RunTime:0.020820s ]
[ sql ] [ SQL ] SELECT `id`,`pid`,`condition`,`icon`,`name`,`title`,`ismenu` FROM `fa_auth_rule` WHERE  `status` = 'normal' [ RunTime:0.021283s ]
[ error ] [0]致命错误: Class 'app\admin\model\Categroy' not found[D:\phpStudy\PHPTutorial\WWW\vlusi_fastadmin\thinkphp\library\think\model\relation\BelongsTo.php:37]
---------------------------------------------------------------
[ 2018-11-05T15:39:51+08:00 ] 0.0.0.0 GET /vlusi_fastadmin/public/admin/information/add?dialog=1
[ info ] localhost/vlusi_fastadmin/public/admin/information/add?dialog=1 [运行时间：0.212629s][吞吐率：4.70req/s] [内存消耗：3,373.41kb] [文件加载：78]
[ info ] [ BEHAVIOR ] Run Closure @app_init [ RunTime:0.000027s ]
[ info ] [ CACHE ] INIT File
[ info ] [ BEHAVIOR ] Run Closure @app_init [ RunTime:0.003350s ]
[ info ] [ LANG ] D:\phpStudy\PHPTutorial\WWW\vlusi_fastadmin\thinkphp\lang\zh-cn.php
[ info ] [ ROUTE ] array (
  'type' => 'module',
  'module' => 
  array (
    0 => 'admin',
    1 => 'information',
    2 => 'add',
  ),
)
[ info ] [ HEADER ] array (
  'cookie' => 'PHPSESSID=arv0k5gm3er3eil617u7oe5gg5; Hm_lvt_f8d0a8c400404989e195270b0bbf060a=1541402911; Hm_lpvt_f8d0a8c400404989e195270b0bbf060a=1541402911',
  'accept-language' => 'zh-CN,zh;q=0.9',
  'accept-encoding' => 'gzip, deflate, br',
  'referer' => 'http://localhost/vlusi_fastadmin/public/admin/information/index?addtabs=1',
  'accept' => 'text/html,application/xhtml+xml,application/xml;q=0.9,image/webp,image/apng,*/*;q=0.8',
  'user-agent' => 'Mozilla/5.0 (Windows NT 10.0; WOW64) AppleWebKit/537.36 (KHTML, like Gecko) Chrome/69.0.3497.81 Safari/537.36',
  'upgrade-insecure-requests' => '1',
  'connection' => 'close',
  'host' => 'localhost',
)
[ info ] [ PARAM ] array (
  'dialog' => '1',
)
[ info ] [ LANG ] D:\phpStudy\PHPTutorial\WWW\vlusi_fastadmin\public/../application/admin\lang\zh-cn.php
[ info ] [ BEHAVIOR ] Run app\common\behavior\Common @module_init [ RunTime:0.002207s ]
[ info ] [ SESSION ] INIT array (
  'id' => '',
  'var_session_id' => '',
  'prefix' => 'think',
  'type' => '',
  'auto_start' => true,
)
[ info ] [ DB ] INIT mysql
[ info ] [ LANG ] D:\phpStudy\PHPTutorial\WWW\vlusi_fastadmin\public/../application/admin/lang/zh-cn/information.php
[ info ] [ RUN ] app\common\controller\Backend->add[ D:\phpStudy\PHPTutorial\WWW\vlusi_fastadmin\application\admin\library\traits\Backend.php ]
[ info ] [ VIEW ] D:\phpStudy\PHPTutorial\WWW\vlusi_fastadmin\public/../application/admin\view\information\add.html [ array (
  0 => 'breadcrumb',
  1 => 'site',
  2 => 'config',
  3 => 'auth',
  4 => 'admin',
) ]
[ info ] [ BEHAVIOR ] Run app\admin\behavior\AdminLog @app_end [ RunTime:0.000287s ]
[ info ] [ LOG ] INIT File
[ sql ] [ DB ] CONNECT:[ UseTime:0.027915s ] mysql:host=47.96.179.77;dbname=vlusi_fastadmin;charset=utf8
[ sql ] [ SQL ] SHOW COLUMNS FROM `fa_auth_group_access` [ RunTime:0.019599s ]
[ sql ] [ SQL ] SELECT `aga`.`uid`,`aga`.`group_id`,`ag`.`id`,`ag`.`pid`,`ag`.`name`,`ag`.`rules` FROM `fa_auth_group_access` `aga` LEFT JOIN `fa_auth_group` `ag` ON `aga`.`group_id`=`ag`.`id` WHERE  (  aga.uid='1' and ag.status='normal' ) [ RunTime:0.018156s ]
[ sql ] [ SQL ] SHOW COLUMNS FROM `fa_auth_rule` [ RunTime:0.019553s ]
[ sql ] [ SQL ] SELECT `id`,`pid`,`condition`,`icon`,`name`,`title`,`ismenu` FROM `fa_auth_rule` WHERE  `status` = 'normal' [ RunTime:0.019106s ]
---------------------------------------------------------------
[ 2018-11-05T15:39:51+08:00 ] 0.0.0.0 GET /vlusi_fastadmin/public/admin/ajax/lang?callback=define&controllername=information&v=1541403591
[ info ] localhost/vlusi_fastadmin/public/admin/ajax/lang?callback=define&controllername=information&v=1541403591 [运行时间：0.035351s][吞吐率：28.29req/s] [内存消耗：2,440.70kb] [文件加载：69]
[ info ] [ BEHAVIOR ] Run Closure @app_init [ RunTime:0.000021s ]
[ info ] [ CACHE ] INIT File
[ info ] [ BEHAVIOR ] Run Closure @app_init [ RunTime:0.002496s ]
[ info ] [ LANG ] D:\phpStudy\PHPTutorial\WWW\vlusi_fastadmin\thinkphp\lang\zh-cn.php
[ info ] [ ROUTE ] array (
  'type' => 'module',
  'module' => 
  array (
    0 => 'admin',
    1 => 'ajax',
    2 => 'lang',
  ),
)
[ info ] [ HEADER ] array (
  'cookie' => 'PHPSESSID=arv0k5gm3er3eil617u7oe5gg5; Hm_lvt_f8d0a8c400404989e195270b0bbf060a=1541402911; Hm_lpvt_f8d0a8c400404989e195270b0bbf060a=1541402911',
  'accept-language' => 'zh-CN,zh;q=0.9',
  'accept-encoding' => 'gzip, deflate, br',
  'referer' => 'http://localhost/vlusi_fastadmin/public/admin/information/add?dialog=1',
  'accept' => '*/*',
  'user-agent' => 'Mozilla/5.0 (Windows NT 10.0; WOW64) AppleWebKit/537.36 (KHTML, like Gecko) Chrome/69.0.3497.81 Safari/537.36',
  'connection' => 'close',
  'host' => 'localhost',
)
[ info ] [ PARAM ] array (
  'callback' => 'define',
  'controllername' => 'information',
  'v' => '1541403591',
)
[ info ] [ LANG ] D:\phpStudy\PHPTutorial\WWW\vlusi_fastadmin\public/../application/admin\lang\zh-cn.php
[ info ] [ BEHAVIOR ] Run app\common\behavior\Common @module_init [ RunTime:0.001499s ]
[ info ] [ SESSION ] INIT array (
  'id' => '',
  'var_session_id' => '',
  'prefix' => 'think',
  'type' => '',
  'auto_start' => true,
)
[ info ] [ LANG ] D:\phpStudy\PHPTutorial\WWW\vlusi_fastadmin\public/../application/admin/lang/zh-cn/ajax.php
[ info ] [ RUN ] app\admin\controller\Ajax->lang[ D:\phpStudy\PHPTutorial\WWW\vlusi_fastadmin\application\admin\controller\Ajax.php ]
[ info ] [ LANG ] D:\phpStudy\PHPTutorial\WWW\vlusi_fastadmin\public/../application/admin/lang/zh-cn/information.php
[ info ] [ BEHAVIOR ] Run app\admin\behavior\AdminLog @app_end [ RunTime:0.000146s ]
[ info ] [ LOG ] INIT File
